TN:
SF:jest-puppeteer.config.js
FNF:0
FNH:0
DA:1,0
LF:1
LH:0
BRF:0
BRH:0
end_of_record
TN:
SF:server.js
FN:68,(anonymous_0)
FNF:1
FNH:0
FNDA:0,(anonymous_0)
DA:7,0
DA:8,0
DA:9,0
DA:10,0
DA:11,0
DA:12,0
DA:13,0
DA:14,0
DA:15,0
DA:16,0
DA:19,0
DA:22,0
DA:25,0
DA:28,0
DA:29,0
DA:33,0
DA:34,0
DA:38,0
DA:42,0
DA:45,0
DA:51,0
DA:60,0
DA:61,0
DA:64,0
DA:65,0
DA:68,0
DA:69,0
DA:70,0
DA:71,0
DA:72,0
DA:73,0
DA:74,0
DA:79,0
DA:80,0
DA:81,0
DA:82,0
DA:83,0
DA:87,0
LF:38
LH:0
BRDA:29,0,0,0
BRDA:29,0,1,0
BRDA:33,1,0,0
BRDA:33,1,1,0
BRDA:70,2,0,0
BRDA:70,2,1,0
BRDA:70,3,0,0
BRDA:70,3,1,0
BRDA:70,3,2,0
BRF:9
BRH:0
end_of_record
TN:
SF:config\db.js
FN:13,(anonymous_0)
FNF:1
FNH:0
FNDA:0,(anonymous_0)
DA:6,0
DA:13,0
DA:16,0
DA:17,0
DA:23,0
DA:25,0
DA:26,0
DA:30,0
LF:8
LH:0
BRF:0
BRH:0
end_of_record
TN:
SF:config\decrypt.js
FN:14,(anonymous_0)
FN:18,(anonymous_1)
FN:47,(anonymous_2)
FN:71,(anonymous_3)
FNF:4
FNH:0
FNDA:0,(anonymous_0)
FNDA:0,(anonymous_1)
FNDA:0,(anonymous_2)
FNDA:0,(anonymous_3)
DA:6,0
DA:12,0
DA:15,0
DA:18,0
DA:20,0
DA:21,0
DA:24,0
DA:25,0
DA:29,0
DA:32,0
DA:40,0
DA:43,0
DA:48,0
DA:49,0
DA:52,0
DA:53,0
DA:57,0
DA:60,0
DA:67,0
DA:72,0
DA:74,0
DA:84,0
LF:22
LH:0
BRF:0
BRH:0
end_of_record
TN:
SF:config\passport.js
FN:14,(anonymous_0)
FN:20,(anonymous_1)
FN:56,(anonymous_2)
FN:60,(anonymous_3)
FN:61,(anonymous_4)
FNF:5
FNH:0
FNDA:0,(anonymous_0)
FNDA:0,(anonymous_1)
FNDA:0,(anonymous_2)
FNDA:0,(anonymous_3)
FNDA:0,(anonymous_4)
DA:6,0
DA:7,0
DA:8,0
DA:14,0
DA:15,0
DA:21,0
DA:24,0
DA:25,0
DA:28,0
DA:29,0
DA:30,0
DA:34,0
DA:42,0
DA:43,0
DA:44,0
DA:45,0
DA:47,0
DA:48,0
DA:52,0
DA:56,0
DA:57,0
DA:60,0
DA:61,0
LF:23
LH:0
BRDA:44,0,0,0
BRDA:44,0,1,0
BRF:2
BRH:0
end_of_record
TN:
SF:config\secret.js
FNF:0
FNH:0
DA:7,0
DA:8,0
DA:10,0
LF:3
LH:0
BRF:0
BRH:0
end_of_record
TN:
SF:coverage\lcov-report\block-navigation.js
FN:2,init
FN:24,toggleClass
FN:31,makeCurrent
FN:41,goToPrevious
FN:52,goToNext
FN:65,jump
FNF:6
FNH:0
FNDA:0,init
FNDA:0,toggleClass
FNDA:0,makeCurrent
FNDA:0,goToPrevious
FNDA:0,goToNext
FNDA:0,jump
DA:2,0
DA:4,0
DA:7,0
DA:10,0
DA:14,0
DA:20,0
DA:25,0
DA:28,0
DA:32,0
DA:33,0
DA:34,0
DA:42,0
DA:43,0
DA:44,0
DA:45,0
DA:46,0
DA:49,0
DA:53,0
DA:55,0
DA:59,0
DA:62,0
DA:65,0
DA:66,0
DA:69,0
DA:70,0
DA:74,0
DA:75,0
DA:79,0
LF:28
LH:0
BRDA:43,0,0,0
BRDA:43,0,1,0
BRDA:43,1,0,0
BRDA:43,1,1,0
BRDA:45,2,0,0
BRDA:45,2,1,0
BRDA:55,3,0,0
BRDA:55,3,1,0
BRDA:56,4,0,0
BRDA:56,4,1,0
BRDA:66,5,0,0
BRDA:66,5,1,0
BRDA:66,5,2,0
BRDA:66,5,3,0
BRDA:66,5,4,0
BRF:15
BRH:0
end_of_record
TN:
SF:coverage\lcov-report\prettify.js
FN:2,(anonymous_0)
FN:2,k
FN:2,ab
FN:2,T
FN:2,X
FN:2,(anonymous_5)
FN:2,W
FN:2,(anonymous_7)
FN:2,a
FN:2,aa
FN:2,B
FN:2,o
FN:2,g
FN:2,(anonymous_13)
FN:2,(anonymous_14)
FN:2,i
FN:2,Q
FN:2,ae
FN:2,ad
FN:2,ai
FN:2,D
FN:2,c
FN:2,q
FN:2,d
FN:2,y
FN:2,b
FN:2,Y
FN:2,(anonymous_27)
FN:2,U
FNF:29
FNH:0
FNDA:0,(anonymous_0)
FNDA:0,k
FNDA:0,ab
FNDA:0,T
FNDA:0,X
FNDA:0,(anonymous_5)
FNDA:0,W
FNDA:0,(anonymous_7)
FNDA:0,a
FNDA:0,aa
FNDA:0,B
FNDA:0,o
FNDA:0,g
FNDA:0,(anonymous_13)
FNDA:0,(anonymous_14)
FNDA:0,i
FNDA:0,Q
FNDA:0,ae
FNDA:0,ad
FNDA:0,ai
FNDA:0,D
FNDA:0,c
FNDA:0,q
FNDA:0,d
FNDA:0,y
FNDA:0,b
FNDA:0,Y
FNDA:0,(anonymous_27)
FNDA:0,U
DA:2,0
LF:1
LH:0
BRDA:2,0,0,0
BRDA:2,0,1,0
BRDA:2,1,0,0
BRDA:2,1,1,0
BRDA:2,2,0,0
BRDA:2,2,1,0
BRDA:2,3,0,0
BRDA:2,3,1,0
BRDA:2,4,0,0
BRDA:2,4,1,0
BRDA:2,5,0,0
BRDA:2,5,1,0
BRDA:2,6,0,0
BRDA:2,6,1,0
BRDA:2,7,0,0
BRDA:2,7,1,0
BRDA:2,8,0,0
BRDA:2,8,1,0
BRDA:2,9,0,0
BRDA:2,9,1,0
BRDA:2,10,0,0
BRDA:2,10,1,0
BRDA:2,11,0,0
BRDA:2,11,1,0
BRDA:2,11,2,0
BRDA:2,11,3,0
BRDA:2,12,0,0
BRDA:2,12,1,0
BRDA:2,13,0,0
BRDA:2,13,1,0
BRDA:2,14,0,0
BRDA:2,14,1,0
BRDA:2,15,0,0
BRDA:2,15,1,0
BRDA:2,16,0,0
BRDA:2,16,1,0
BRDA:2,17,0,0
BRDA:2,17,1,0
BRDA:2,18,0,0
BRDA:2,18,1,0
BRDA:2,19,0,0
BRDA:2,19,1,0
BRDA:2,20,0,0
BRDA:2,20,1,0
BRDA:2,21,0,0
BRDA:2,21,1,0
BRDA:2,22,0,0
BRDA:2,22,1,0
BRDA:2,23,0,0
BRDA:2,23,1,0
BRDA:2,24,0,0
BRDA:2,24,1,0
BRDA:2,25,0,0
BRDA:2,25,1,0
BRDA:2,26,0,0
BRDA:2,26,1,0
BRDA:2,27,0,0
BRDA:2,27,1,0
BRDA:2,28,0,0
BRDA:2,28,1,0
BRDA:2,29,0,0
BRDA:2,29,1,0
BRDA:2,30,0,0
BRDA:2,30,1,0
BRDA:2,31,0,0
BRDA:2,31,1,0
BRDA:2,32,0,0
BRDA:2,32,1,0
BRDA:2,33,0,0
BRDA:2,33,1,0
BRDA:2,34,0,0
BRDA:2,34,1,0
BRDA:2,35,0,0
BRDA:2,35,1,0
BRDA:2,36,0,0
BRDA:2,36,1,0
BRDA:2,37,0,0
BRDA:2,37,1,0
BRDA:2,38,0,0
BRDA:2,38,1,0
BRDA:2,39,0,0
BRDA:2,39,1,0
BRDA:2,40,0,0
BRDA:2,40,1,0
BRDA:2,41,0,0
BRDA:2,41,1,0
BRDA:2,42,0,0
BRDA:2,42,1,0
BRDA:2,43,0,0
BRDA:2,43,1,0
BRDA:2,44,0,0
BRDA:2,44,1,0
BRDA:2,45,0,0
BRDA:2,45,1,0
BRDA:2,46,0,0
BRDA:2,46,1,0
BRDA:2,47,0,0
BRDA:2,47,1,0
BRDA:2,48,0,0
BRDA:2,48,1,0
BRDA:2,49,0,0
BRDA:2,49,1,0
BRDA:2,50,0,0
BRDA:2,50,1,0
BRDA:2,50,2,0
BRDA:2,51,0,0
BRDA:2,51,1,0
BRDA:2,52,0,0
BRDA:2,52,1,0
BRDA:2,53,0,0
BRDA:2,53,1,0
BRDA:2,54,0,0
BRDA:2,54,1,0
BRDA:2,55,0,0
BRDA:2,55,1,0
BRDA:2,56,0,0
BRDA:2,56,1,0
BRDA:2,57,0,0
BRDA:2,57,1,0
BRDA:2,58,0,0
BRDA:2,58,1,0
BRDA:2,59,0,0
BRDA:2,59,1,0
BRDA:2,60,0,0
BRDA:2,60,1,0
BRDA:2,61,0,0
BRDA:2,61,1,0
BRDA:2,62,0,0
BRDA:2,62,1,0
BRDA:2,63,0,0
BRDA:2,63,1,0
BRDA:2,64,0,0
BRDA:2,64,1,0
BRDA:2,65,0,0
BRDA:2,65,1,0
BRDA:2,66,0,0
BRDA:2,66,1,0
BRDA:2,67,0,0
BRDA:2,67,1,0
BRDA:2,68,0,0
BRDA:2,68,1,0
BRDA:2,69,0,0
BRDA:2,69,1,0
BRDA:2,70,0,0
BRDA:2,70,1,0
BRDA:2,71,0,0
BRDA:2,71,1,0
BRDA:2,72,0,0
BRDA:2,72,1,0
BRDA:2,73,0,0
BRDA:2,73,1,0
BRDA:2,74,0,0
BRDA:2,74,1,0
BRDA:2,75,0,0
BRDA:2,75,1,0
BRDA:2,76,0,0
BRDA:2,76,1,0
BRDA:2,77,0,0
BRDA:2,77,1,0
BRDA:2,78,0,0
BRDA:2,78,1,0
BRDA:2,79,0,0
BRDA:2,79,1,0
BRDA:2,80,0,0
BRDA:2,80,1,0
BRDA:2,81,0,0
BRDA:2,81,1,0
BRDA:2,82,0,0
BRDA:2,82,1,0
BRDA:2,83,0,0
BRDA:2,83,1,0
BRDA:2,84,0,0
BRDA:2,84,1,0
BRDA:2,85,0,0
BRDA:2,85,1,0
BRDA:2,86,0,0
BRDA:2,86,1,0
BRDA:2,87,0,0
BRDA:2,87,1,0
BRDA:2,88,0,0
BRDA:2,88,1,0
BRDA:2,89,0,0
BRDA:2,89,1,0
BRDA:2,89,2,0
BRDA:2,90,0,0
BRDA:2,90,1,0
BRDA:2,91,0,0
BRDA:2,91,1,0
BRDA:2,92,0,0
BRDA:2,92,1,0
BRDA:2,93,0,0
BRDA:2,93,1,0
BRDA:2,94,0,0
BRDA:2,94,1,0
BRDA:2,95,0,0
BRDA:2,95,1,0
BRDA:2,96,0,0
BRDA:2,96,1,0
BRDA:2,97,0,0
BRDA:2,97,1,0
BRDA:2,98,0,0
BRDA:2,98,1,0
BRDA:2,99,0,0
BRDA:2,99,1,0
BRDA:2,100,0,0
BRDA:2,100,1,0
BRDA:2,101,0,0
BRDA:2,101,1,0
BRDA:2,102,0,0
BRDA:2,102,1,0
BRDA:2,103,0,0
BRDA:2,103,1,0
BRDA:2,104,0,0
BRDA:2,104,1,0
BRDA:2,105,0,0
BRDA:2,105,1,0
BRDA:2,106,0,0
BRDA:2,106,1,0
BRDA:2,107,0,0
BRDA:2,107,1,0
BRDA:2,108,0,0
BRDA:2,108,1,0
BRDA:2,109,0,0
BRDA:2,109,1,0
BRDA:2,110,0,0
BRDA:2,110,1,0
BRDA:2,111,0,0
BRDA:2,111,1,0
BRDA:2,112,0,0
BRDA:2,112,1,0
BRDA:2,113,0,0
BRDA:2,113,1,0
BRDA:2,114,0,0
BRDA:2,114,1,0
BRDA:2,115,0,0
BRDA:2,115,1,0
BRDA:2,116,0,0
BRDA:2,116,1,0
BRDA:2,117,0,0
BRDA:2,117,1,0
BRDA:2,118,0,0
BRDA:2,118,1,0
BRDA:2,119,0,0
BRDA:2,119,1,0
BRDA:2,120,0,0
BRDA:2,120,1,0
BRDA:2,121,0,0
BRDA:2,121,1,0
BRDA:2,122,0,0
BRDA:2,122,1,0
BRDA:2,123,0,0
BRDA:2,123,1,0
BRDA:2,124,0,0
BRDA:2,124,1,0
BRDA:2,125,0,0
BRDA:2,125,1,0
BRDA:2,126,0,0
BRDA:2,126,1,0
BRDA:2,127,0,0
BRDA:2,127,1,0
BRDA:2,128,0,0
BRDA:2,128,1,0
BRDA:2,128,2,0
BRDA:2,129,0,0
BRDA:2,129,1,0
BRDA:2,130,0,0
BRDA:2,130,1,0
BRDA:2,131,0,0
BRDA:2,131,1,0
BRDA:2,131,2,0
BRDA:2,131,3,0
BRDA:2,131,4,0
BRDA:2,132,0,0
BRDA:2,132,1,0
BRDA:2,133,0,0
BRDA:2,133,1,0
BRDA:2,134,0,0
BRDA:2,134,1,0
BRDA:2,135,0,0
BRDA:2,135,1,0
BRDA:2,136,0,0
BRDA:2,136,1,0
BRDA:2,137,0,0
BRDA:2,137,1,0
BRDA:2,138,0,0
BRDA:2,138,1,0
BRF:286
BRH:0
end_of_record
TN:
SF:coverage\lcov-report\sorter.js
FN:2,(anonymous_0)
FN:11,getTable
FN:15,getTableHeader
FN:19,getTableBody
FN:23,getNthColumn
FN:28,loadColumns
FN:53,loadRowData
FN:72,loadData
FN:81,sortByIndex
FN:83,(anonymous_9)
FN:95,(anonymous_10)
FN:112,removeSortIndicators
FN:120,addSortIndicators
FN:126,enableUI
FN:129,ithSorter
FN:132,(anonymous_15)
FN:159,(anonymous_16)
FNF:17
FNH:0
FNDA:0,(anonymous_0)
FNDA:0,getTable
FNDA:0,getTableHeader
FNDA:0,getTableBody
FNDA:0,getNthColumn
FNDA:0,loadColumns
FNDA:0,loadRowData
FNDA:0,loadData
FNDA:0,sortByIndex
FNDA:0,(anonymous_9)
FNDA:0,(anonymous_10)
FNDA:0,removeSortIndicators
FNDA:0,addSortIndicators
FNDA:0,enableUI
FNDA:0,ithSorter
FNDA:0,(anonymous_15)
FNDA:0,(anonymous_16)
DA:2,0
DA:5,0
DA:12,0
DA:16,0
DA:20,0
DA:24,0
DA:29,0
DA:31,0
DA:35,0
DA:36,0
DA:37,0
DA:42,0
DA:43,0
DA:44,0
DA:45,0
DA:49,0
DA:54,0
DA:57,0
DA:60,0
DA:61,0
DA:62,0
DA:63,0
DA:64,0
DA:65,0
DA:67,0
DA:69,0
DA:73,0
DA:76,0
DA:77,0
DA:82,0
DA:83,0
DA:84,0
DA:85,0
DA:86,0
DA:88,0
DA:89,0
DA:90,0
DA:91,0
DA:94,0
DA:95,0
DA:96,0
DA:100,0
DA:101,0
DA:102,0
DA:105,0
DA:107,0
DA:108,0
DA:113,0
DA:114,0
DA:116,0
DA:117,0
DA:121,0
DA:129,0
DA:130,0
DA:132,0
DA:133,0
DA:135,0
DA:136,0
DA:138,0
DA:139,0
DA:140,0
DA:141,0
DA:142,0
DA:145,0
DA:146,0
DA:149,0
DA:150,0
DA:151,0
DA:153,0
DA:159,0
DA:160,0
DA:161,0
DA:163,0
DA:164,0
DA:165,0
DA:166,0
DA:170,0
LF:77
LH:0
BRDA:40,0,0,0
BRDA:40,0,1,0
BRDA:43,1,0,0
BRDA:43,1,1,0
BRDA:64,2,0,0
BRDA:64,2,1,0
BRDA:86,3,0,0
BRDA:86,3,1,0
BRDA:86,4,0,0
BRDA:86,4,1,0
BRDA:94,5,0,0
BRDA:94,5,1,0
BRDA:121,6,0,0
BRDA:121,6,1,0
BRDA:135,7,0,0
BRDA:135,7,1,0
BRDA:146,8,0,0
BRDA:146,8,1,0
BRDA:150,9,0,0
BRDA:150,9,1,0
BRDA:160,10,0,0
BRDA:160,10,1,0
BRF:22
BRH:0
end_of_record
TN:
SF:documentation\JSDocs\scripts\linenumber.js
FN:2,(anonymous_0)
FNF:1
FNH:0
FNDA:0,(anonymous_0)
DA:2,0
DA:3,0
DA:4,0
DA:5,0
DA:11,0
DA:12,0
DA:13,0
DA:14,0
DA:16,0
DA:17,0
DA:18,0
DA:19,0
DA:20,0
DA:21,0
LF:14
LH:0
BRDA:11,0,0,0
BRDA:11,0,1,0
BRDA:11,1,0,0
BRDA:11,1,1,0
BRDA:20,2,0,0
BRDA:20,2,1,0
BRF:6
BRH:0
end_of_record
TN:
SF:documentation\JSDocs\scripts\prettify\lang-css.js
FNF:0
FNH:0
DA:1,0
DA:2,0
LF:2
LH:0
BRF:0
BRH:0
end_of_record
TN:
SF:documentation\JSDocs\scripts\prettify\prettify.js
FN:2,(anonymous_0)
FN:2,L
FN:2,m
FN:2,e
FN:2,h
FN:3,(anonymous_5)
FN:4,y
FN:5,(anonymous_7)
FN:6,M
FN:6,m
FN:7,B
FN:7,x
FN:7,e
FN:8,(anonymous_13)
FN:9,u
FN:12,D
FN:12,e
FN:13,h
FN:13,b
FN:15,k
FN:15,C
FN:15,E
FN:25,(anonymous_22)
FN:25,(anonymous_23)
FN:25,m
FN:27,(anonymous_25)
FNF:26
FNH:0
FNDA:0,(anonymous_0)
FNDA:0,L
FNDA:0,m
FNDA:0,e
FNDA:0,h
FNDA:0,(anonymous_5)
FNDA:0,y
FNDA:0,(anonymous_7)
FNDA:0,M
FNDA:0,m
FNDA:0,B
FNDA:0,x
FNDA:0,e
FNDA:0,(anonymous_13)
FNDA:0,u
FNDA:0,D
FNDA:0,e
FNDA:0,h
FNDA:0,b
FNDA:0,k
FNDA:0,C
FNDA:0,E
FNDA:0,(anonymous_22)
FNDA:0,(anonymous_23)
FNDA:0,m
FNDA:0,(anonymous_25)
DA:1,0
DA:2,0
DA:3,0
DA:4,0
DA:5,0
DA:6,0
DA:7,0
DA:8,0
DA:9,0
DA:10,0
DA:11,0
DA:12,0
DA:13,0
DA:14,0
DA:15,0
DA:16,0
DA:17,0
DA:18,0
DA:19,0
DA:20,0
DA:21,0
DA:22,0
DA:23,0
DA:24,0
DA:25,0
DA:26,0
DA:27,0
LF:27
LH:0
BRDA:2,0,0,0
BRDA:2,0,1,0
BRDA:2,1,0,0
BRDA:2,1,1,0
BRDA:2,2,0,0
BRDA:2,2,1,0
BRDA:2,3,0,0
BRDA:2,3,1,0
BRDA:2,4,0,0
BRDA:2,4,1,0
BRDA:2,5,0,0
BRDA:2,5,1,0
BRDA:2,6,0,0
BRDA:2,6,1,0
BRDA:2,7,0,0
BRDA:2,7,1,0
BRDA:2,8,0,0
BRDA:2,8,1,0
BRDA:2,9,0,0
BRDA:2,9,1,0
BRDA:2,9,2,0
BRDA:2,9,3,0
BRDA:3,10,0,0
BRDA:3,10,1,0
BRDA:3,11,0,0
BRDA:3,11,1,0
BRDA:3,12,0,0
BRDA:3,12,1,0
BRDA:3,13,0,0
BRDA:3,13,1,0
BRDA:3,14,0,0
BRDA:3,14,1,0
BRDA:3,14,2,0
BRDA:3,15,0,0
BRDA:3,15,1,0
BRDA:3,15,2,0
BRDA:3,16,0,0
BRDA:3,16,1,0
BRDA:3,16,2,0
BRDA:3,17,0,0
BRDA:3,17,1,0
BRDA:3,18,0,0
BRDA:3,18,1,0
BRDA:3,19,0,0
BRDA:3,19,1,0
BRDA:4,20,0,0
BRDA:4,20,1,0
BRDA:4,21,0,0
BRDA:4,21,1,0
BRDA:4,22,0,0
BRDA:4,22,1,0
BRDA:4,23,0,0
BRDA:4,23,1,0
BRDA:4,23,2,0
BRDA:4,23,3,0
BRDA:4,24,0,0
BRDA:4,24,1,0
BRDA:4,25,0,0
BRDA:4,25,1,0
BRDA:4,26,0,0
BRDA:4,26,1,0
BRDA:4,27,0,0
BRDA:4,27,1,0
BRDA:4,27,2,0
BRDA:4,27,3,0
BRDA:5,28,0,0
BRDA:5,28,1,0
BRDA:5,28,2,0
BRDA:5,29,0,0
BRDA:5,29,1,0
BRDA:5,30,0,0
BRDA:5,30,1,0
BRDA:5,31,0,0
BRDA:5,31,1,0
BRDA:5,32,0,0
BRDA:5,32,1,0
BRDA:5,33,0,0
BRDA:5,33,1,0
BRDA:5,34,0,0
BRDA:5,34,1,0
BRDA:5,35,0,0
BRDA:5,35,1,0
BRDA:6,36,0,0
BRDA:6,36,1,0
BRDA:6,37,0,0
BRDA:6,37,1,0
BRDA:6,38,0,0
BRDA:6,38,1,0
BRDA:6,39,0,0
BRDA:6,39,1,0
BRDA:6,39,2,0
BRDA:6,40,0,0
BRDA:6,40,1,0
BRDA:6,41,0,0
BRDA:6,41,1,0
BRDA:6,42,0,0
BRDA:6,42,1,0
BRDA:6,43,0,0
BRDA:6,43,1,0
BRDA:6,44,0,0
BRDA:6,44,1,0
BRDA:7,45,0,0
BRDA:7,45,1,0
BRDA:7,46,0,0
BRDA:7,46,1,0
BRDA:7,47,0,0
BRDA:7,47,1,0
BRDA:7,48,0,0
BRDA:7,48,1,0
BRDA:7,49,0,0
BRDA:7,49,1,0
BRDA:7,50,0,0
BRDA:7,50,1,0
BRDA:8,51,0,0
BRDA:8,51,1,0
BRDA:8,52,0,0
BRDA:8,52,1,0
BRDA:8,53,0,0
BRDA:8,53,1,0
BRDA:8,54,0,0
BRDA:8,54,1,0
BRDA:8,55,0,0
BRDA:8,55,1,0
BRDA:8,56,0,0
BRDA:8,56,1,0
BRDA:8,57,0,0
BRDA:8,57,1,0
BRDA:8,58,0,0
BRDA:8,58,1,0
BRDA:8,59,0,0
BRDA:8,59,1,0
BRDA:8,60,0,0
BRDA:8,60,1,0
BRDA:9,61,0,0
BRDA:9,61,1,0
BRDA:9,62,0,0
BRDA:9,62,1,0
BRDA:9,63,0,0
BRDA:9,63,1,0
BRDA:9,64,0,0
BRDA:9,64,1,0
BRDA:10,65,0,0
BRDA:10,65,1,0
BRDA:10,66,0,0
BRDA:10,66,1,0
BRDA:10,67,0,0
BRDA:10,67,1,0
BRDA:10,68,0,0
BRDA:10,68,1,0
BRDA:11,69,0,0
BRDA:11,69,1,0
BRDA:11,70,0,0
BRDA:11,70,1,0
BRDA:11,71,0,0
BRDA:11,71,1,0
BRDA:12,72,0,0
BRDA:12,72,1,0
BRDA:12,73,0,0
BRDA:12,73,1,0
BRDA:12,73,2,0
BRDA:12,74,0,0
BRDA:12,74,1,0
BRDA:12,75,0,0
BRDA:12,75,1,0
BRDA:13,76,0,0
BRDA:13,76,1,0
BRDA:13,77,0,0
BRDA:13,77,1,0
BRDA:13,78,0,0
BRDA:13,78,1,0
BRDA:13,79,0,0
BRDA:13,79,1,0
BRDA:13,80,0,0
BRDA:13,80,1,0
BRDA:13,81,0,0
BRDA:13,81,1,0
BRDA:13,82,0,0
BRDA:13,82,1,0
BRDA:14,83,0,0
BRDA:14,83,1,0
BRDA:14,84,0,0
BRDA:14,84,1,0
BRDA:14,85,0,0
BRDA:14,85,1,0
BRDA:14,86,0,0
BRDA:14,86,1,0
BRDA:14,87,0,0
BRDA:14,87,1,0
BRDA:14,88,0,0
BRDA:14,88,1,0
BRDA:15,89,0,0
BRDA:15,89,1,0
BRDA:15,90,0,0
BRDA:15,90,1,0
BRDA:15,91,0,0
BRDA:15,91,1,0
BRDA:15,92,0,0
BRDA:15,92,1,0
BRDA:15,93,0,0
BRDA:15,93,1,0
BRDA:15,94,0,0
BRDA:15,94,1,0
BRDA:15,95,0,0
BRDA:15,95,1,0
BRDA:16,96,0,0
BRDA:16,96,1,0
BRDA:16,97,0,0
BRDA:16,97,1,0
BRDA:16,98,0,0
BRDA:16,98,1,0
BRDA:16,99,0,0
BRDA:16,99,1,0
BRDA:16,100,0,0
BRDA:16,100,1,0
BRDA:16,101,0,0
BRDA:16,101,1,0
BRDA:16,102,0,0
BRDA:16,102,1,0
BRDA:17,103,0,0
BRDA:17,103,1,0
BRDA:17,104,0,0
BRDA:17,104,1,0
BRDA:17,105,0,0
BRDA:17,105,1,0
BRDA:17,106,0,0
BRDA:17,106,1,0
BRDA:17,107,0,0
BRDA:17,107,1,0
BRDA:17,108,0,0
BRDA:17,108,1,0
BRDA:25,109,0,0
BRDA:25,109,1,0
BRDA:25,110,0,0
BRDA:25,110,1,0
BRDA:25,111,0,0
BRDA:25,111,1,0
BRDA:25,112,0,0
BRDA:25,112,1,0
BRDA:25,113,0,0
BRDA:25,113,1,0
BRDA:26,114,0,0
BRDA:26,114,1,0
BRDA:26,115,0,0
BRDA:26,115,1,0
BRDA:26,116,0,0
BRDA:26,116,1,0
BRDA:26,117,0,0
BRDA:26,117,1,0
BRDA:26,118,0,0
BRDA:26,118,1,0
BRDA:26,119,0,0
BRDA:26,119,1,0
BRDA:26,120,0,0
BRDA:26,120,1,0
BRDA:26,121,0,0
BRDA:26,121,1,0
BRDA:26,122,0,0
BRDA:26,122,1,0
BRDA:26,123,0,0
BRDA:26,123,1,0
BRDA:26,123,2,0
BRDA:26,123,3,0
BRDA:26,123,4,0
BRDA:26,124,0,0
BRDA:26,124,1,0
BRDA:26,125,0,0
BRDA:26,125,1,0
BRDA:26,126,0,0
BRDA:26,126,1,0
BRDA:26,127,0,0
BRDA:26,127,1,0
BRDA:26,128,0,0
BRDA:26,128,1,0
BRDA:26,129,0,0
BRDA:26,129,1,0
BRDA:27,130,0,0
BRDA:27,130,1,0
BRDA:27,131,0,0
BRDA:27,131,1,0
BRF:279
BRH:0
end_of_record
TN:
SF:middleware\auth.js
FN:8,(anonymous_0)
FN:16,(anonymous_1)
FNF:2
FNH:0
FNDA:0,(anonymous_0)
FNDA:0,(anonymous_1)
DA:5,0
DA:10,0
DA:11,0
DA:13,0
DA:18,0
DA:19,0
DA:21,0
LF:7
LH:0
BRDA:10,0,0,0
BRDA:10,0,1,0
BRDA:18,1,0,0
BRDA:18,1,1,0
BRF:4
BRH:0
end_of_record
TN:
SF:models\Daily.js
FNF:0
FNH:0
DA:6,1
DA:11,1
DA:53,1
LF:3
LH:3
BRF:0
BRH:0
end_of_record
TN:
SF:models\Journal.js
FNF:0
FNH:0
DA:5,1
DA:10,1
DA:32,1
LF:3
LH:3
BRF:0
BRH:0
end_of_record
TN:
SF:models\Page.js
FNF:0
FNH:0
DA:5,1
DA:10,1
DA:41,1
LF:3
LH:3
BRF:0
BRH:0
end_of_record
TN:
SF:models\User.js
FNF:0
FNH:0
DA:5,1
DA:10,1
DA:29,1
LF:3
LH:3
BRF:0
BRH:0
end_of_record
TN:
SF:public\scripts\script-calendar.js
FN:12,(anonymous_0)
FN:40,createCalendar
FN:58,AddDateTime
FN:64,(anonymous_3)
FN:77,(anonymous_4)
FN:90,AddLabels
FN:107,AddDays
FN:113,DayNumber
FN:204,calendar
FN:215,fetchEvents
FN:216,(anonymous_10)
FN:216,(anonymous_11)
FN:243,fetchevents
FN:244,(anonymous_13)
FN:244,(anonymous_14)
FNF:15
FNH:0
FNDA:0,(anonymous_0)
FNDA:0,createCalendar
FNDA:0,AddDateTime
FNDA:0,(anonymous_3)
FNDA:0,(anonymous_4)
FNDA:0,AddLabels
FNDA:0,AddDays
FNDA:0,DayNumber
FNDA:0,calendar
FNDA:0,fetchEvents
FNDA:0,(anonymous_10)
FNDA:0,(anonymous_11)
FNDA:0,fetchevents
FNDA:0,(anonymous_13)
FNDA:0,(anonymous_14)
DA:12,0
DA:14,0
DA:15,0
DA:17,0
DA:18,0
DA:19,0
DA:20,0
DA:21,0
DA:22,0
DA:24,0
DA:25,0
DA:26,0
DA:28,0
DA:29,0
DA:30,0
DA:41,0
DA:42,0
DA:44,0
DA:45,0
DA:46,0
DA:49,0
DA:51,0
DA:52,0
DA:59,0
DA:60,0
DA:62,0
DA:63,0
DA:64,0
DA:65,0
DA:67,0
DA:68,0
DA:70,0
DA:71,0
DA:72,0
DA:73,0
DA:75,0
DA:76,0
DA:77,0
DA:78,0
DA:80,0
DA:81,0
DA:83,0
DA:91,0
DA:92,0
DA:93,0
DA:94,0
DA:95,0
DA:96,0
DA:97,0
DA:98,0
DA:100,0
DA:114,0
DA:115,0
DA:116,0
DA:117,0
DA:119,0
DA:120,0
DA:122,0
DA:123,0
DA:124,0
DA:126,0
DA:127,0
DA:129,0
DA:132,0
DA:133,0
DA:134,0
DA:136,0
DA:138,0
DA:139,0
DA:140,0
DA:142,0
DA:143,0
DA:144,0
DA:145,0
DA:146,0
DA:148,0
DA:149,0
DA:150,0
DA:151,0
DA:152,0
DA:153,0
DA:155,0
DA:157,0
DA:160,0
DA:162,0
DA:163,0
DA:165,0
DA:169,0
DA:170,0
DA:171,0
DA:173,0
DA:174,0
DA:175,0
DA:177,0
DA:178,0
DA:180,0
DA:182,0
DA:185,0
DA:187,0
DA:188,0
DA:189,0
DA:192,0
DA:193,0
DA:194,0
DA:195,0
DA:196,0
DA:197,0
DA:205,0
DA:206,0
DA:216,0
DA:217,0
DA:221,0
DA:222,0
DA:223,0
DA:224,0
DA:225,0
DA:226,0
DA:229,0
DA:244,0
DA:245,0
DA:249,0
DA:250,0
DA:251,0
DA:252,0
DA:253,0
DA:254,0
DA:257,0
DA:258,0
DA:263,0
LF:129
LH:0
BRDA:20,0,0,0
BRDA:20,0,1,0
BRDA:29,1,0,0
BRDA:29,1,1,0
BRDA:42,2,0,0
BRDA:42,2,1,0
BRDA:142,3,0,0
BRDA:142,3,1,0
BRDA:148,4,0,0
BRDA:148,4,1,0
BRDA:162,5,0,0
BRDA:162,5,1,0
BRDA:162,6,0,0
BRDA:162,6,1,0
BRDA:162,6,2,0
BRDA:170,7,0,0
BRDA:170,7,1,0
BRDA:171,8,0,0
BRDA:171,8,1,0
BRF:19
BRH:0
end_of_record
TN:
SF:public\scripts\script-index.js
FNF:0
FNH:0
DA:7,0
LF:1
LH:0
BRF:0
BRH:0
end_of_record
TN:
SF:public\scripts\script-login.js
FNF:0
FNH:0
DA:7,0
LF:1
LH:0
BRF:0
BRH:0
end_of_record
TN:
SF:public\scripts\script-main.js
FN:9,(anonymous_0)
FN:14,(anonymous_1)
FN:30,(anonymous_2)
FN:75,(anonymous_3)
FN:75,(anonymous_4)
FN:77,(anonymous_5)
FN:91,(anonymous_6)
FNF:7
FNH:0
FNDA:0,(anonymous_0)
FNDA:0,(anonymous_1)
FNDA:0,(anonymous_2)
FNDA:0,(anonymous_3)
FNDA:0,(anonymous_4)
FNDA:0,(anonymous_5)
FNDA:0,(anonymous_6)
DA:7,0
DA:9,0
DA:10,0
DA:11,0
DA:14,0
DA:15,0
DA:16,0
DA:17,0
DA:18,0
DA:20,0
DA:21,0
DA:27,0
DA:28,0
DA:30,0
DA:31,0
DA:34,0
DA:36,0
DA:37,0
DA:40,0
DA:41,0
DA:42,0
DA:45,0
DA:48,0
DA:49,0
DA:53,0
DA:54,0
DA:55,0
DA:58,0
DA:59,0
DA:61,0
DA:62,0
DA:63,0
DA:65,0
DA:67,0
DA:68,0
DA:70,0
DA:71,0
DA:75,0
DA:77,0
DA:78,0
DA:79,0
DA:80,0
DA:83,0
DA:84,0
DA:87,0
DA:88,0
DA:89,0
DA:91,0
DA:92,0
DA:93,0
DA:94,0
DA:95,0
DA:98,0
LF:53
LH:0
BRDA:16,0,0,0
BRDA:16,0,1,0
BRDA:36,1,0,0
BRDA:36,1,1,0
BRF:4
BRH:0
end_of_record
TN:
SF:public\scripts\script-settings.js
FN:6,changeFont
FN:15,toggledarkmode
FNF:2
FNH:0
FNDA:0,changeFont
FNDA:0,toggledarkmode
DA:7,0
DA:8,0
DA:16,0
DA:17,0
LF:4
LH:0
BRF:0
BRH:0
end_of_record
TN:
SF:public\scripts\editor\caret.js
FN:10,(anonymous_0)
FN:22,(anonymous_1)
FN:38,(anonymous_2)
FN:55,(anonymous_3)
FN:65,(anonymous_4)
FN:76,(anonymous_5)
FN:113,(anonymous_6)
FN:129,(anonymous_7)
FN:147,(anonymous_8)
FN:174,(anonymous_9)
FNF:10
FNH:0
FNDA:0,(anonymous_0)
FNDA:0,(anonymous_1)
FNDA:0,(anonymous_2)
FNDA:0,(anonymous_3)
FNDA:0,(anonymous_4)
FNDA:0,(anonymous_5)
FNDA:0,(anonymous_6)
FNDA:0,(anonymous_7)
FNDA:0,(anonymous_8)
FNDA:0,(anonymous_9)
DA:14,0
DA:23,0
DA:24,0
DA:26,0
DA:28,0
DA:30,0
DA:39,0
DA:40,0
DA:43,0
DA:44,0
DA:46,0
DA:47,0
DA:49,0
DA:50,0
DA:55,0
DA:56,0
DA:66,0
DA:68,0
DA:77,0
DA:79,0
DA:80,0
DA:83,0
DA:84,0
DA:89,0
DA:90,0
DA:93,0
DA:95,0
DA:97,0
DA:99,0
DA:100,0
DA:102,0
DA:114,0
DA:115,0
DA:117,0
DA:118,0
DA:120,0
DA:121,0
DA:130,0
DA:132,0
DA:133,0
DA:136,0
DA:145,0
DA:147,0
DA:148,0
DA:151,0
DA:175,0
DA:176,0
DA:181,0
DA:182,0
DA:185,0
DA:190,0
DA:191,0
DA:192,0
DA:195,0
LF:54
LH:0
BRDA:39,0,0,0
BRDA:39,0,1,0
BRDA:68,1,0,0
BRDA:68,1,1,0
BRDA:68,2,0,0
BRDA:68,2,1,0
BRDA:79,3,0,0
BRDA:79,3,1,0
BRDA:89,4,0,0
BRDA:89,4,1,0
BRDA:113,5,0,0
BRDA:132,6,0,0
BRDA:132,6,1,0
BRDA:174,7,0,0
BRDA:181,8,0,0
BRDA:181,8,1,0
BRDA:185,9,0,0
BRDA:185,9,1,0
BRF:18
BRH:0
end_of_record
TN:
SF:public\scripts\editor\dom.js
FN:9,make
FN:31,fragmentToString
FN:48,isEmpty
FNF:3
FNH:0
FNDA:0,make
FNDA:0,fragmentToString
FNDA:0,isEmpty
DA:10,0
DA:12,0
DA:13,0
DA:14,0
DA:15,0
DA:18,0
DA:19,0
DA:22,0
DA:32,0
DA:34,0
DA:36,0
DA:51,0
DA:52,0
DA:54,0
DA:59,0
DA:62,0
LF:16
LH:0
BRDA:9,0,0,0
BRDA:9,1,0,0
BRDA:12,2,0,0
BRDA:12,2,1,0
BRDA:14,3,0,0
BRDA:14,3,1,0
BRDA:51,4,0,0
BRDA:51,4,1,0
BRF:8
BRH:0
end_of_record
TN:
SF:public\scripts\editor\index.js
FN:35,(anonymous_0)
FN:45,(anonymous_1)
FN:56,(anonymous_2)
FN:72,(anonymous_3)
FN:123,(anonymous_4)
FN:138,(anonymous_5)
FN:166,(anonymous_6)
FN:169,(anonymous_7)
FN:174,(anonymous_8)
FN:182,(anonymous_9)
FN:214,(anonymous_10)
FN:215,(anonymous_11)
FN:229,(anonymous_12)
FN:255,(anonymous_13)
FN:262,(anonymous_14)
FN:265,(anonymous_15)
FN:289,(anonymous_16)
FN:305,(anonymous_17)
FN:321,(anonymous_18)
FN:341,(anonymous_19)
FN:350,(anonymous_20)
FN:366,(anonymous_21)
FN:383,(anonymous_22)
FN:399,(anonymous_23)
FN:467,(anonymous_24)
FN:501,(anonymous_25)
FN:518,(anonymous_26)
FN:529,(anonymous_27)
FN:541,(anonymous_28)
FN:648,(anonymous_29)
FN:653,(anonymous_30)
FN:715,(anonymous_31)
FN:768,(anonymous_32)
FN:795,(anonymous_33)
FN:805,(anonymous_34)
FN:816,(anonymous_35)
FN:832,(anonymous_36)
FN:883,(anonymous_37)
FN:898,(anonymous_38)
FN:926,(anonymous_39)
FN:929,(anonymous_40)
FN:934,(anonymous_41)
FN:942,(anonymous_42)
FN:974,(anonymous_43)
FN:975,(anonymous_44)
FN:989,(anonymous_45)
FN:1015,(anonymous_46)
FN:1022,(anonymous_47)
FN:1025,(anonymous_48)
FN:1049,(anonymous_49)
FN:1065,(anonymous_50)
FN:1080,(anonymous_51)
FN:1100,(anonymous_52)
FN:1109,(anonymous_53)
FN:1125,(anonymous_54)
FN:1142,(anonymous_55)
FN:1158,(anonymous_56)
FN:1226,(anonymous_57)
FN:1260,(anonymous_58)
FN:1277,(anonymous_59)
FN:1288,(anonymous_60)
FN:1300,(anonymous_61)
FN:1407,(anonymous_62)
FN:1412,(anonymous_63)
FN:1474,(anonymous_64)
FN:1527,(anonymous_65)
FN:1554,(anonymous_66)
FN:1564,(anonymous_67)
FN:1575,(anonymous_68)
FN:1591,(anonymous_69)
FN:1642,(anonymous_70)
FN:1657,(anonymous_71)
FN:1685,(anonymous_72)
FN:1688,(anonymous_73)
FN:1693,(anonymous_74)
FN:1701,(anonymous_75)
FN:1733,(anonymous_76)
FN:1734,(anonymous_77)
FN:1748,(anonymous_78)
FN:1774,(anonymous_79)
FN:1781,(anonymous_80)
FN:1784,(anonymous_81)
FN:1808,(anonymous_82)
FN:1824,(anonymous_83)
FN:1840,(anonymous_84)
FN:1860,(anonymous_85)
FN:1869,(anonymous_86)
FN:1885,(anonymous_87)
FN:1902,(anonymous_88)
FN:1918,(anonymous_89)
FN:1986,(anonymous_90)
FN:2020,(anonymous_91)
FN:2037,(anonymous_92)
FN:2048,(anonymous_93)
FN:2060,(anonymous_94)
FN:2167,(anonymous_95)
FN:2172,(anonymous_96)
FN:2234,(anonymous_97)
FN:2287,(anonymous_98)
FN:2310,(anonymous_99)
FN:2314,(anonymous_100)
FN:2318,(anonymous_101)
FN:2325,(anonymous_102)
FN:2334,(anonymous_103)
FN:2343,(anonymous_104)
FN:2352,(anonymous_105)
FN:2363,(anonymous_106)
FN:2373,(anonymous_107)
FN:2389,(anonymous_108)
FN:2399,(anonymous_109)
FN:2410,(anonymous_110)
FN:2426,(anonymous_111)
FN:2477,(anonymous_112)
FN:2492,(anonymous_113)
FN:2520,(anonymous_114)
FN:2523,(anonymous_115)
FN:2528,(anonymous_116)
FN:2536,(anonymous_117)
FN:2568,(anonymous_118)
FN:2569,(anonymous_119)
FN:2583,(anonymous_120)
FN:2609,(anonymous_121)
FN:2616,(anonymous_122)
FN:2619,(anonymous_123)
FN:2643,(anonymous_124)
FN:2659,(anonymous_125)
FN:2674,(anonymous_126)
FN:2694,(anonymous_127)
FN:2703,(anonymous_128)
FN:2719,(anonymous_129)
FN:2736,(anonymous_130)
FN:2752,(anonymous_131)
FN:2820,(anonymous_132)
FN:2854,(anonymous_133)
FN:2871,(anonymous_134)
FN:2882,(anonymous_135)
FN:2894,(anonymous_136)
FN:3001,(anonymous_137)
FN:3006,(anonymous_138)
FN:3068,(anonymous_139)
FN:3121,(anonymous_140)
FN:3173,(anonymous_141)
FN:3175,(anonymous_142)
FN:3191,(anonymous_143)
FNF:144
FNH:0
FNDA:0,(anonymous_0)
FNDA:0,(anonymous_1)
FNDA:0,(anonymous_2)
FNDA:0,(anonymous_3)
FNDA:0,(anonymous_4)
FNDA:0,(anonymous_5)
FNDA:0,(anonymous_6)
FNDA:0,(anonymous_7)
FNDA:0,(anonymous_8)
FNDA:0,(anonymous_9)
FNDA:0,(anonymous_10)
FNDA:0,(anonymous_11)
FNDA:0,(anonymous_12)
FNDA:0,(anonymous_13)
FNDA:0,(anonymous_14)
FNDA:0,(anonymous_15)
FNDA:0,(anonymous_16)
FNDA:0,(anonymous_17)
FNDA:0,(anonymous_18)
FNDA:0,(anonymous_19)
FNDA:0,(anonymous_20)
FNDA:0,(anonymous_21)
FNDA:0,(anonymous_22)
FNDA:0,(anonymous_23)
FNDA:0,(anonymous_24)
FNDA:0,(anonymous_25)
FNDA:0,(anonymous_26)
FNDA:0,(anonymous_27)
FNDA:0,(anonymous_28)
FNDA:0,(anonymous_29)
FNDA:0,(anonymous_30)
FNDA:0,(anonymous_31)
FNDA:0,(anonymous_32)
FNDA:0,(anonymous_33)
FNDA:0,(anonymous_34)
FNDA:0,(anonymous_35)
FNDA:0,(anonymous_36)
FNDA:0,(anonymous_37)
FNDA:0,(anonymous_38)
FNDA:0,(anonymous_39)
FNDA:0,(anonymous_40)
FNDA:0,(anonymous_41)
FNDA:0,(anonymous_42)
FNDA:0,(anonymous_43)
FNDA:0,(anonymous_44)
FNDA:0,(anonymous_45)
FNDA:0,(anonymous_46)
FNDA:0,(anonymous_47)
FNDA:0,(anonymous_48)
FNDA:0,(anonymous_49)
FNDA:0,(anonymous_50)
FNDA:0,(anonymous_51)
FNDA:0,(anonymous_52)
FNDA:0,(anonymous_53)
FNDA:0,(anonymous_54)
FNDA:0,(anonymous_55)
FNDA:0,(anonymous_56)
FNDA:0,(anonymous_57)
FNDA:0,(anonymous_58)
FNDA:0,(anonymous_59)
FNDA:0,(anonymous_60)
FNDA:0,(anonymous_61)
FNDA:0,(anonymous_62)
FNDA:0,(anonymous_63)
FNDA:0,(anonymous_64)
FNDA:0,(anonymous_65)
FNDA:0,(anonymous_66)
FNDA:0,(anonymous_67)
FNDA:0,(anonymous_68)
FNDA:0,(anonymous_69)
FNDA:0,(anonymous_70)
FNDA:0,(anonymous_71)
FNDA:0,(anonymous_72)
FNDA:0,(anonymous_73)
FNDA:0,(anonymous_74)
FNDA:0,(anonymous_75)
FNDA:0,(anonymous_76)
FNDA:0,(anonymous_77)
FNDA:0,(anonymous_78)
FNDA:0,(anonymous_79)
FNDA:0,(anonymous_80)
FNDA:0,(anonymous_81)
FNDA:0,(anonymous_82)
FNDA:0,(anonymous_83)
FNDA:0,(anonymous_84)
FNDA:0,(anonymous_85)
FNDA:0,(anonymous_86)
FNDA:0,(anonymous_87)
FNDA:0,(anonymous_88)
FNDA:0,(anonymous_89)
FNDA:0,(anonymous_90)
FNDA:0,(anonymous_91)
FNDA:0,(anonymous_92)
FNDA:0,(anonymous_93)
FNDA:0,(anonymous_94)
FNDA:0,(anonymous_95)
FNDA:0,(anonymous_96)
FNDA:0,(anonymous_97)
FNDA:0,(anonymous_98)
FNDA:0,(anonymous_99)
FNDA:0,(anonymous_100)
FNDA:0,(anonymous_101)
FNDA:0,(anonymous_102)
FNDA:0,(anonymous_103)
FNDA:0,(anonymous_104)
FNDA:0,(anonymous_105)
FNDA:0,(anonymous_106)
FNDA:0,(anonymous_107)
FNDA:0,(anonymous_108)
FNDA:0,(anonymous_109)
FNDA:0,(anonymous_110)
FNDA:0,(anonymous_111)
FNDA:0,(anonymous_112)
FNDA:0,(anonymous_113)
FNDA:0,(anonymous_114)
FNDA:0,(anonymous_115)
FNDA:0,(anonymous_116)
FNDA:0,(anonymous_117)
FNDA:0,(anonymous_118)
FNDA:0,(anonymous_119)
FNDA:0,(anonymous_120)
FNDA:0,(anonymous_121)
FNDA:0,(anonymous_122)
FNDA:0,(anonymous_123)
FNDA:0,(anonymous_124)
FNDA:0,(anonymous_125)
FNDA:0,(anonymous_126)
FNDA:0,(anonymous_127)
FNDA:0,(anonymous_128)
FNDA:0,(anonymous_129)
FNDA:0,(anonymous_130)
FNDA:0,(anonymous_131)
FNDA:0,(anonymous_132)
FNDA:0,(anonymous_133)
FNDA:0,(anonymous_134)
FNDA:0,(anonymous_135)
FNDA:0,(anonymous_136)
FNDA:0,(anonymous_137)
FNDA:0,(anonymous_138)
FNDA:0,(anonymous_139)
FNDA:0,(anonymous_140)
FNDA:0,(anonymous_141)
FNDA:0,(anonymous_142)
FNDA:0,(anonymous_143)
DA:36,0
DA:46,0
DA:57,0
DA:76,0
DA:80,0
DA:81,0
DA:82,0
DA:102,0
DA:104,0
DA:109,0
DA:114,0
DA:124,0
DA:127,0
DA:128,0
DA:130,0
DA:136,0
DA:138,0
DA:139,0
DA:141,0
DA:142,0
DA:144,0
DA:145,0
DA:147,0
DA:148,0
DA:150,0
DA:152,0
DA:157,0
DA:167,0
DA:169,0
DA:170,0
DA:174,0
DA:175,0
DA:180,0
DA:182,0
DA:183,0
DA:189,0
DA:192,0
DA:197,0
DA:198,0
DA:201,0
DA:204,0
DA:215,0
DA:216,0
DA:218,0
DA:230,0
DA:231,0
DA:232,0
DA:237,0
DA:238,0
DA:243,0
DA:244,0
DA:247,0
DA:262,0
DA:263,0
DA:265,0
DA:266,0
DA:267,0
DA:268,0
DA:270,0
DA:277,0
DA:290,0
DA:291,0
DA:293,0
DA:295,0
DA:306,0
DA:307,0
DA:309,0
DA:311,0
DA:322,0
DA:342,0
DA:356,0
DA:361,0
DA:366,0
DA:367,0
DA:375,0
DA:384,0
DA:386,0
DA:387,0
DA:390,0
DA:400,0
DA:405,0
DA:410,0
DA:415,0
DA:416,0
DA:417,0
DA:419,0
DA:420,0
DA:422,0
DA:423,0
DA:424,0
DA:426,0
DA:433,0
DA:434,0
DA:435,0
DA:440,0
DA:447,0
DA:453,0
DA:454,0
DA:456,0
DA:459,0
DA:468,0
DA:469,0
DA:474,0
DA:475,0
DA:478,0
DA:480,0
DA:482,0
DA:487,0
DA:488,0
DA:490,0
DA:491,0
DA:502,0
DA:504,0
DA:505,0
DA:508,0
DA:519,0
DA:521,0
DA:530,0
DA:532,0
DA:533,0
DA:546,0
DA:547,0
DA:553,0
DA:555,0
DA:556,0
DA:557,0
DA:581,0
DA:582,0
DA:588,0
DA:600,0
DA:601,0
DA:603,0
DA:605,0
DA:611,0
DA:612,0
DA:617,0
DA:622,0
DA:627,0
DA:632,0
DA:637,0
DA:642,0
DA:648,0
DA:653,0
DA:662,0
DA:677,0
DA:695,0
DA:702,0
DA:707,0
DA:719,0
DA:724,0
DA:726,0
DA:727,0
DA:728,0
DA:733,0
DA:734,0
DA:737,0
DA:739,0
DA:744,0
DA:745,0
DA:752,0
DA:753,0
DA:755,0
DA:756,0
DA:759,0
DA:772,0
DA:777,0
DA:782,0
DA:796,0
DA:806,0
DA:817,0
DA:836,0
DA:840,0
DA:841,0
DA:842,0
DA:862,0
DA:864,0
DA:869,0
DA:874,0
DA:884,0
DA:887,0
DA:888,0
DA:890,0
DA:896,0
DA:898,0
DA:899,0
DA:901,0
DA:902,0
DA:904,0
DA:905,0
DA:907,0
DA:908,0
DA:910,0
DA:912,0
DA:917,0
DA:927,0
DA:929,0
DA:930,0
DA:934,0
DA:935,0
DA:940,0
DA:942,0
DA:943,0
DA:949,0
DA:952,0
DA:957,0
DA:958,0
DA:961,0
DA:964,0
DA:975,0
DA:976,0
DA:978,0
DA:990,0
DA:991,0
DA:992,0
DA:997,0
DA:998,0
DA:1003,0
DA:1004,0
DA:1007,0
DA:1022,0
DA:1023,0
DA:1025,0
DA:1026,0
DA:1027,0
DA:1028,0
DA:1030,0
DA:1037,0
DA:1050,0
DA:1051,0
DA:1053,0
DA:1055,0
DA:1066,0
DA:1067,0
DA:1069,0
DA:1071,0
DA:1081,0
DA:1101,0
DA:1115,0
DA:1120,0
DA:1125,0
DA:1126,0
DA:1134,0
DA:1143,0
DA:1145,0
DA:1146,0
DA:1149,0
DA:1159,0
DA:1164,0
DA:1169,0
DA:1174,0
DA:1175,0
DA:1176,0
DA:1178,0
DA:1179,0
DA:1181,0
DA:1182,0
DA:1183,0
DA:1185,0
DA:1192,0
DA:1193,0
DA:1194,0
DA:1199,0
DA:1206,0
DA:1212,0
DA:1213,0
DA:1215,0
DA:1218,0
DA:1227,0
DA:1228,0
DA:1233,0
DA:1234,0
DA:1237,0
DA:1239,0
DA:1241,0
DA:1246,0
DA:1247,0
DA:1249,0
DA:1250,0
DA:1261,0
DA:1263,0
DA:1264,0
DA:1267,0
DA:1278,0
DA:1280,0
DA:1289,0
DA:1291,0
DA:1292,0
DA:1305,0
DA:1306,0
DA:1312,0
DA:1314,0
DA:1315,0
DA:1316,0
DA:1340,0
DA:1341,0
DA:1347,0
DA:1359,0
DA:1360,0
DA:1362,0
DA:1364,0
DA:1370,0
DA:1371,0
DA:1376,0
DA:1381,0
DA:1386,0
DA:1391,0
DA:1396,0
DA:1401,0
DA:1407,0
DA:1412,0
DA:1421,0
DA:1436,0
DA:1454,0
DA:1461,0
DA:1466,0
DA:1478,0
DA:1483,0
DA:1485,0
DA:1486,0
DA:1487,0
DA:1492,0
DA:1493,0
DA:1496,0
DA:1498,0
DA:1503,0
DA:1504,0
DA:1511,0
DA:1512,0
DA:1514,0
DA:1515,0
DA:1518,0
DA:1531,0
DA:1536,0
DA:1541,0
DA:1555,0
DA:1565,0
DA:1576,0
DA:1595,0
DA:1599,0
DA:1600,0
DA:1601,0
DA:1621,0
DA:1623,0
DA:1628,0
DA:1633,0
DA:1643,0
DA:1646,0
DA:1647,0
DA:1649,0
DA:1655,0
DA:1657,0
DA:1658,0
DA:1660,0
DA:1661,0
DA:1663,0
DA:1664,0
DA:1666,0
DA:1667,0
DA:1669,0
DA:1671,0
DA:1676,0
DA:1686,0
DA:1688,0
DA:1689,0
DA:1693,0
DA:1694,0
DA:1699,0
DA:1701,0
DA:1702,0
DA:1708,0
DA:1711,0
DA:1716,0
DA:1717,0
DA:1720,0
DA:1723,0
DA:1734,0
DA:1735,0
DA:1737,0
DA:1749,0
DA:1750,0
DA:1751,0
DA:1756,0
DA:1757,0
DA:1762,0
DA:1763,0
DA:1766,0
DA:1781,0
DA:1782,0
DA:1784,0
DA:1785,0
DA:1786,0
DA:1787,0
DA:1789,0
DA:1796,0
DA:1809,0
DA:1810,0
DA:1812,0
DA:1814,0
DA:1825,0
DA:1826,0
DA:1828,0
DA:1830,0
DA:1841,0
DA:1861,0
DA:1875,0
DA:1880,0
DA:1885,0
DA:1886,0
DA:1894,0
DA:1903,0
DA:1905,0
DA:1906,0
DA:1909,0
DA:1919,0
DA:1924,0
DA:1929,0
DA:1934,0
DA:1935,0
DA:1936,0
DA:1938,0
DA:1939,0
DA:1941,0
DA:1942,0
DA:1943,0
DA:1945,0
DA:1952,0
DA:1953,0
DA:1954,0
DA:1959,0
DA:1966,0
DA:1972,0
DA:1973,0
DA:1975,0
DA:1978,0
DA:1987,0
DA:1988,0
DA:1993,0
DA:1994,0
DA:1997,0
DA:1999,0
DA:2001,0
DA:2006,0
DA:2007,0
DA:2009,0
DA:2010,0
DA:2021,0
DA:2023,0
DA:2024,0
DA:2027,0
DA:2038,0
DA:2040,0
DA:2049,0
DA:2051,0
DA:2052,0
DA:2065,0
DA:2066,0
DA:2072,0
DA:2074,0
DA:2075,0
DA:2076,0
DA:2100,0
DA:2101,0
DA:2107,0
DA:2119,0
DA:2120,0
DA:2122,0
DA:2124,0
DA:2130,0
DA:2131,0
DA:2136,0
DA:2141,0
DA:2146,0
DA:2151,0
DA:2156,0
DA:2161,0
DA:2167,0
DA:2172,0
DA:2181,0
DA:2196,0
DA:2214,0
DA:2221,0
DA:2226,0
DA:2238,0
DA:2243,0
DA:2245,0
DA:2246,0
DA:2247,0
DA:2252,0
DA:2253,0
DA:2256,0
DA:2258,0
DA:2263,0
DA:2264,0
DA:2271,0
DA:2272,0
DA:2274,0
DA:2275,0
DA:2278,0
DA:2291,0
DA:2296,0
DA:2301,0
DA:2311,0
DA:2315,0
DA:2319,0
DA:2321,0
DA:2326,0
DA:2327,0
DA:2328,0
DA:2330,0
DA:2331,0
DA:2335,0
DA:2336,0
DA:2337,0
DA:2338,0
DA:2340,0
DA:2344,0
DA:2345,0
DA:2346,0
DA:2349,0
DA:2353,0
DA:2354,0
DA:2356,0
DA:2357,0
DA:2358,0
DA:2360,0
DA:2364,0
DA:2365,0
DA:2367,0
DA:2369,0
DA:2374,0
DA:2376,0
DA:2390,0
DA:2400,0
DA:2411,0
DA:2430,0
DA:2434,0
DA:2435,0
DA:2436,0
DA:2456,0
DA:2458,0
DA:2463,0
DA:2468,0
DA:2478,0
DA:2481,0
DA:2482,0
DA:2484,0
DA:2490,0
DA:2492,0
DA:2493,0
DA:2495,0
DA:2496,0
DA:2498,0
DA:2499,0
DA:2501,0
DA:2502,0
DA:2504,0
DA:2506,0
DA:2511,0
DA:2521,0
DA:2523,0
DA:2524,0
DA:2528,0
DA:2529,0
DA:2534,0
DA:2536,0
DA:2537,0
DA:2543,0
DA:2546,0
DA:2551,0
DA:2552,0
DA:2555,0
DA:2558,0
DA:2569,0
DA:2570,0
DA:2572,0
DA:2584,0
DA:2585,0
DA:2586,0
DA:2591,0
DA:2592,0
DA:2597,0
DA:2598,0
DA:2601,0
DA:2616,0
DA:2617,0
DA:2619,0
DA:2620,0
DA:2621,0
DA:2622,0
DA:2624,0
DA:2631,0
DA:2644,0
DA:2645,0
DA:2647,0
DA:2649,0
DA:2660,0
DA:2661,0
DA:2663,0
DA:2665,0
DA:2675,0
DA:2695,0
DA:2709,0
DA:2714,0
DA:2719,0
DA:2720,0
DA:2728,0
DA:2737,0
DA:2739,0
DA:2740,0
DA:2743,0
DA:2753,0
DA:2758,0
DA:2763,0
DA:2768,0
DA:2769,0
DA:2770,0
DA:2772,0
DA:2773,0
DA:2775,0
DA:2776,0
DA:2777,0
DA:2779,0
DA:2786,0
DA:2787,0
DA:2788,0
DA:2793,0
DA:2800,0
DA:2806,0
DA:2807,0
DA:2809,0
DA:2812,0
DA:2821,0
DA:2822,0
DA:2827,0
DA:2828,0
DA:2831,0
DA:2833,0
DA:2835,0
DA:2840,0
DA:2841,0
DA:2843,0
DA:2844,0
DA:2855,0
DA:2857,0
DA:2858,0
DA:2861,0
DA:2872,0
DA:2874,0
DA:2883,0
DA:2885,0
DA:2886,0
DA:2899,0
DA:2900,0
DA:2906,0
DA:2908,0
DA:2909,0
DA:2910,0
DA:2934,0
DA:2935,0
DA:2941,0
DA:2953,0
DA:2954,0
DA:2956,0
DA:2958,0
DA:2964,0
DA:2965,0
DA:2970,0
DA:2975,0
DA:2980,0
DA:2985,0
DA:2990,0
DA:2995,0
DA:3001,0
DA:3006,0
DA:3015,0
DA:3030,0
DA:3048,0
DA:3055,0
DA:3060,0
DA:3072,0
DA:3077,0
DA:3079,0
DA:3080,0
DA:3081,0
DA:3086,0
DA:3087,0
DA:3090,0
DA:3092,0
DA:3097,0
DA:3098,0
DA:3105,0
DA:3106,0
DA:3108,0
DA:3109,0
DA:3112,0
DA:3125,0
DA:3130,0
DA:3135,0
DA:3140,0
DA:3171,0
DA:3173,0
DA:3174,0
DA:3175,0
DA:3176,0
DA:3178,0
DA:3180,0
DA:3181,0
DA:3182,0
DA:3183,0
DA:3184,0
DA:3186,0
DA:3188,0
DA:3192,0
LF:713
LH:0
BRDA:109,0,0,0
BRDA:109,0,1,0
BRDA:109,1,0,0
BRDA:109,1,1,0
BRDA:127,2,0,0
BRDA:127,2,1,0
BRDA:136,3,0,0
BRDA:136,3,1,0
BRDA:139,4,0,0
BRDA:139,4,1,0
BRDA:139,4,2,0
BRDA:147,5,0,0
BRDA:147,5,1,0
BRDA:197,6,0,0
BRDA:197,6,1,0
BRDA:229,7,0,0
BRDA:243,8,0,0
BRDA:243,8,1,0
BRDA:243,9,0,0
BRDA:243,9,1,0
BRDA:268,10,0,0
BRDA:268,10,1,0
BRDA:305,11,0,0
BRDA:305,12,0,0
BRDA:342,13,0,0
BRDA:342,13,1,0
BRDA:386,14,0,0
BRDA:386,14,1,0
BRDA:419,15,0,0
BRDA:419,15,1,0
BRDA:419,16,0,0
BRDA:419,16,1,0
BRDA:419,16,2,0
BRDA:423,17,0,0
BRDA:423,17,1,0
BRDA:423,18,0,0
BRDA:423,18,1,0
BRDA:447,19,0,0
BRDA:447,19,1,0
BRDA:453,20,0,0
BRDA:453,20,1,0
BRDA:474,21,0,0
BRDA:474,21,1,0
BRDA:490,22,0,0
BRDA:490,22,1,0
BRDA:504,23,0,0
BRDA:504,23,1,0
BRDA:518,24,0,0
BRDA:546,25,0,0
BRDA:546,25,1,0
BRDA:581,26,0,0
BRDA:581,26,1,0
BRDA:581,27,0,0
BRDA:581,27,1,0
BRDA:600,28,0,0
BRDA:600,28,1,0
BRDA:603,29,0,0
BRDA:603,29,1,0
BRDA:662,30,0,0
BRDA:662,30,1,0
BRDA:733,31,0,0
BRDA:733,31,1,0
BRDA:744,32,0,0
BRDA:744,32,1,0
BRDA:869,33,0,0
BRDA:869,33,1,0
BRDA:869,34,0,0
BRDA:869,34,1,0
BRDA:887,35,0,0
BRDA:887,35,1,0
BRDA:896,36,0,0
BRDA:896,36,1,0
BRDA:899,37,0,0
BRDA:899,37,1,0
BRDA:899,37,2,0
BRDA:907,38,0,0
BRDA:907,38,1,0
BRDA:957,39,0,0
BRDA:957,39,1,0
BRDA:989,40,0,0
BRDA:1003,41,0,0
BRDA:1003,41,1,0
BRDA:1003,42,0,0
BRDA:1003,42,1,0
BRDA:1028,43,0,0
BRDA:1028,43,1,0
BRDA:1065,44,0,0
BRDA:1065,45,0,0
BRDA:1101,46,0,0
BRDA:1101,46,1,0
BRDA:1145,47,0,0
BRDA:1145,47,1,0
BRDA:1178,48,0,0
BRDA:1178,48,1,0
BRDA:1178,49,0,0
BRDA:1178,49,1,0
BRDA:1178,49,2,0
BRDA:1182,50,0,0
BRDA:1182,50,1,0
BRDA:1182,51,0,0
BRDA:1182,51,1,0
BRDA:1206,52,0,0
BRDA:1206,52,1,0
BRDA:1212,53,0,0
BRDA:1212,53,1,0
BRDA:1233,54,0,0
BRDA:1233,54,1,0
BRDA:1249,55,0,0
BRDA:1249,55,1,0
BRDA:1263,56,0,0
BRDA:1263,56,1,0
BRDA:1277,57,0,0
BRDA:1305,58,0,0
BRDA:1305,58,1,0
BRDA:1340,59,0,0
BRDA:1340,59,1,0
BRDA:1340,60,0,0
BRDA:1340,60,1,0
BRDA:1359,61,0,0
BRDA:1359,61,1,0
BRDA:1362,62,0,0
BRDA:1362,62,1,0
BRDA:1421,63,0,0
BRDA:1421,63,1,0
BRDA:1492,64,0,0
BRDA:1492,64,1,0
BRDA:1503,65,0,0
BRDA:1503,65,1,0
BRDA:1628,66,0,0
BRDA:1628,66,1,0
BRDA:1628,67,0,0
BRDA:1628,67,1,0
BRDA:1646,68,0,0
BRDA:1646,68,1,0
BRDA:1655,69,0,0
BRDA:1655,69,1,0
BRDA:1658,70,0,0
BRDA:1658,70,1,0
BRDA:1658,70,2,0
BRDA:1666,71,0,0
BRDA:1666,71,1,0
BRDA:1716,72,0,0
BRDA:1716,72,1,0
BRDA:1748,73,0,0
BRDA:1762,74,0,0
BRDA:1762,74,1,0
BRDA:1762,75,0,0
BRDA:1762,75,1,0
BRDA:1787,76,0,0
BRDA:1787,76,1,0
BRDA:1824,77,0,0
BRDA:1824,78,0,0
BRDA:1861,79,0,0
BRDA:1861,79,1,0
BRDA:1905,80,0,0
BRDA:1905,80,1,0
BRDA:1938,81,0,0
BRDA:1938,81,1,0
BRDA:1938,82,0,0
BRDA:1938,82,1,0
BRDA:1938,82,2,0
BRDA:1942,83,0,0
BRDA:1942,83,1,0
BRDA:1942,84,0,0
BRDA:1942,84,1,0
BRDA:1966,85,0,0
BRDA:1966,85,1,0
BRDA:1972,86,0,0
BRDA:1972,86,1,0
BRDA:1993,87,0,0
BRDA:1993,87,1,0
BRDA:2009,88,0,0
BRDA:2009,88,1,0
BRDA:2023,89,0,0
BRDA:2023,89,1,0
BRDA:2037,90,0,0
BRDA:2065,91,0,0
BRDA:2065,91,1,0
BRDA:2100,92,0,0
BRDA:2100,92,1,0
BRDA:2100,93,0,0
BRDA:2100,93,1,0
BRDA:2119,94,0,0
BRDA:2119,94,1,0
BRDA:2122,95,0,0
BRDA:2122,95,1,0
BRDA:2181,96,0,0
BRDA:2181,96,1,0
BRDA:2252,97,0,0
BRDA:2252,97,1,0
BRDA:2263,98,0,0
BRDA:2263,98,1,0
BRDA:2344,99,0,0
BRDA:2344,99,1,0
BRDA:2463,100,0,0
BRDA:2463,100,1,0
BRDA:2463,101,0,0
BRDA:2463,101,1,0
BRDA:2481,102,0,0
BRDA:2481,102,1,0
BRDA:2490,103,0,0
BRDA:2490,103,1,0
BRDA:2493,104,0,0
BRDA:2493,104,1,0
BRDA:2493,104,2,0
BRDA:2501,105,0,0
BRDA:2501,105,1,0
BRDA:2551,106,0,0
BRDA:2551,106,1,0
BRDA:2583,107,0,0
BRDA:2597,108,0,0
BRDA:2597,108,1,0
BRDA:2597,109,0,0
BRDA:2597,109,1,0
BRDA:2622,110,0,0
BRDA:2622,110,1,0
BRDA:2659,111,0,0
BRDA:2659,112,0,0
BRDA:2695,113,0,0
BRDA:2695,113,1,0
BRDA:2739,114,0,0
BRDA:2739,114,1,0
BRDA:2772,115,0,0
BRDA:2772,115,1,0
BRDA:2772,116,0,0
BRDA:2772,116,1,0
BRDA:2772,116,2,0
BRDA:2776,117,0,0
BRDA:2776,117,1,0
BRDA:2776,118,0,0
BRDA:2776,118,1,0
BRDA:2800,119,0,0
BRDA:2800,119,1,0
BRDA:2806,120,0,0
BRDA:2806,120,1,0
BRDA:2827,121,0,0
BRDA:2827,121,1,0
BRDA:2843,122,0,0
BRDA:2843,122,1,0
BRDA:2857,123,0,0
BRDA:2857,123,1,0
BRDA:2871,124,0,0
BRDA:2899,125,0,0
BRDA:2899,125,1,0
BRDA:2934,126,0,0
BRDA:2934,126,1,0
BRDA:2934,127,0,0
BRDA:2934,127,1,0
BRDA:2953,128,0,0
BRDA:2953,128,1,0
BRDA:2956,129,0,0
BRDA:2956,129,1,0
BRDA:3015,130,0,0
BRDA:3015,130,1,0
BRDA:3086,131,0,0
BRDA:3086,131,1,0
BRDA:3097,132,0,0
BRDA:3097,132,1,0
BRF:258
BRH:0
end_of_record
TN:
SF:public\scripts\editor\page-view.js
FN:36,(anonymous_0)
FN:46,(anonymous_1)
FN:57,(anonymous_2)
FN:73,(anonymous_3)
FN:124,(anonymous_4)
FN:139,(anonymous_5)
FN:167,(anonymous_6)
FN:170,(anonymous_7)
FN:175,(anonymous_8)
FN:183,(anonymous_9)
FN:215,(anonymous_10)
FN:216,(anonymous_11)
FN:230,(anonymous_12)
FN:256,(anonymous_13)
FN:263,(anonymous_14)
FN:266,(anonymous_15)
FN:290,(anonymous_16)
FN:306,(anonymous_17)
FN:322,(anonymous_18)
FN:342,(anonymous_19)
FN:351,(anonymous_20)
FN:367,(anonymous_21)
FN:384,(anonymous_22)
FN:400,(anonymous_23)
FN:468,(anonymous_24)
FN:502,(anonymous_25)
FN:519,(anonymous_26)
FN:530,(anonymous_27)
FN:542,(anonymous_28)
FN:649,(anonymous_29)
FN:654,(anonymous_30)
FN:716,(anonymous_31)
FN:769,(anonymous_32)
FN:796,(anonymous_33)
FN:806,(anonymous_34)
FN:817,(anonymous_35)
FN:833,(anonymous_36)
FN:884,(anonymous_37)
FN:899,(anonymous_38)
FN:927,(anonymous_39)
FN:930,(anonymous_40)
FN:935,(anonymous_41)
FN:943,(anonymous_42)
FN:975,(anonymous_43)
FN:976,(anonymous_44)
FN:990,(anonymous_45)
FN:1016,(anonymous_46)
FN:1023,(anonymous_47)
FN:1026,(anonymous_48)
FN:1050,(anonymous_49)
FN:1066,(anonymous_50)
FN:1081,(anonymous_51)
FN:1101,(anonymous_52)
FN:1110,(anonymous_53)
FN:1126,(anonymous_54)
FN:1143,(anonymous_55)
FN:1159,(anonymous_56)
FN:1227,(anonymous_57)
FN:1261,(anonymous_58)
FN:1278,(anonymous_59)
FN:1289,(anonymous_60)
FN:1301,(anonymous_61)
FN:1408,(anonymous_62)
FN:1413,(anonymous_63)
FN:1475,(anonymous_64)
FN:1528,(anonymous_65)
FN:1555,(anonymous_66)
FN:1565,(anonymous_67)
FN:1576,(anonymous_68)
FN:1592,(anonymous_69)
FN:1643,(anonymous_70)
FN:1658,(anonymous_71)
FN:1686,(anonymous_72)
FN:1689,(anonymous_73)
FN:1694,(anonymous_74)
FN:1702,(anonymous_75)
FN:1734,(anonymous_76)
FN:1735,(anonymous_77)
FN:1749,(anonymous_78)
FN:1775,(anonymous_79)
FN:1782,(anonymous_80)
FN:1785,(anonymous_81)
FN:1809,(anonymous_82)
FN:1825,(anonymous_83)
FN:1841,(anonymous_84)
FN:1861,(anonymous_85)
FN:1870,(anonymous_86)
FN:1886,(anonymous_87)
FN:1903,(anonymous_88)
FN:1919,(anonymous_89)
FN:1987,(anonymous_90)
FN:2021,(anonymous_91)
FN:2038,(anonymous_92)
FN:2049,(anonymous_93)
FN:2061,(anonymous_94)
FN:2168,(anonymous_95)
FN:2173,(anonymous_96)
FN:2235,(anonymous_97)
FN:2288,(anonymous_98)
FN:2311,(anonymous_99)
FN:2315,(anonymous_100)
FN:2319,(anonymous_101)
FN:2326,(anonymous_102)
FN:2335,(anonymous_103)
FN:2344,(anonymous_104)
FN:2353,(anonymous_105)
FN:2364,(anonymous_106)
FN:2374,(anonymous_107)
FN:2390,(anonymous_108)
FN:2400,(anonymous_109)
FN:2411,(anonymous_110)
FN:2427,(anonymous_111)
FN:2478,(anonymous_112)
FN:2493,(anonymous_113)
FN:2521,(anonymous_114)
FN:2524,(anonymous_115)
FN:2529,(anonymous_116)
FN:2537,(anonymous_117)
FN:2569,(anonymous_118)
FN:2570,(anonymous_119)
FN:2584,(anonymous_120)
FN:2610,(anonymous_121)
FN:2617,(anonymous_122)
FN:2620,(anonymous_123)
FN:2644,(anonymous_124)
FN:2660,(anonymous_125)
FN:2675,(anonymous_126)
FN:2695,(anonymous_127)
FN:2704,(anonymous_128)
FN:2720,(anonymous_129)
FN:2737,(anonymous_130)
FN:2753,(anonymous_131)
FN:2821,(anonymous_132)
FN:2855,(anonymous_133)
FN:2872,(anonymous_134)
FN:2883,(anonymous_135)
FN:2895,(anonymous_136)
FN:3002,(anonymous_137)
FN:3007,(anonymous_138)
FN:3069,(anonymous_139)
FN:3122,(anonymous_140)
FN:3141,(anonymous_141)
FN:3141,(anonymous_142)
FN:3178,(anonymous_143)
FN:3180,(anonymous_144)
FN:3196,(anonymous_145)
FNF:146
FNH:0
FNDA:0,(anonymous_0)
FNDA:0,(anonymous_1)
FNDA:0,(anonymous_2)
FNDA:0,(anonymous_3)
FNDA:0,(anonymous_4)
FNDA:0,(anonymous_5)
FNDA:0,(anonymous_6)
FNDA:0,(anonymous_7)
FNDA:0,(anonymous_8)
FNDA:0,(anonymous_9)
FNDA:0,(anonymous_10)
FNDA:0,(anonymous_11)
FNDA:0,(anonymous_12)
FNDA:0,(anonymous_13)
FNDA:0,(anonymous_14)
FNDA:0,(anonymous_15)
FNDA:0,(anonymous_16)
FNDA:0,(anonymous_17)
FNDA:0,(anonymous_18)
FNDA:0,(anonymous_19)
FNDA:0,(anonymous_20)
FNDA:0,(anonymous_21)
FNDA:0,(anonymous_22)
FNDA:0,(anonymous_23)
FNDA:0,(anonymous_24)
FNDA:0,(anonymous_25)
FNDA:0,(anonymous_26)
FNDA:0,(anonymous_27)
FNDA:0,(anonymous_28)
FNDA:0,(anonymous_29)
FNDA:0,(anonymous_30)
FNDA:0,(anonymous_31)
FNDA:0,(anonymous_32)
FNDA:0,(anonymous_33)
FNDA:0,(anonymous_34)
FNDA:0,(anonymous_35)
FNDA:0,(anonymous_36)
FNDA:0,(anonymous_37)
FNDA:0,(anonymous_38)
FNDA:0,(anonymous_39)
FNDA:0,(anonymous_40)
FNDA:0,(anonymous_41)
FNDA:0,(anonymous_42)
FNDA:0,(anonymous_43)
FNDA:0,(anonymous_44)
FNDA:0,(anonymous_45)
FNDA:0,(anonymous_46)
FNDA:0,(anonymous_47)
FNDA:0,(anonymous_48)
FNDA:0,(anonymous_49)
FNDA:0,(anonymous_50)
FNDA:0,(anonymous_51)
FNDA:0,(anonymous_52)
FNDA:0,(anonymous_53)
FNDA:0,(anonymous_54)
FNDA:0,(anonymous_55)
FNDA:0,(anonymous_56)
FNDA:0,(anonymous_57)
FNDA:0,(anonymous_58)
FNDA:0,(anonymous_59)
FNDA:0,(anonymous_60)
FNDA:0,(anonymous_61)
FNDA:0,(anonymous_62)
FNDA:0,(anonymous_63)
FNDA:0,(anonymous_64)
FNDA:0,(anonymous_65)
FNDA:0,(anonymous_66)
FNDA:0,(anonymous_67)
FNDA:0,(anonymous_68)
FNDA:0,(anonymous_69)
FNDA:0,(anonymous_70)
FNDA:0,(anonymous_71)
FNDA:0,(anonymous_72)
FNDA:0,(anonymous_73)
FNDA:0,(anonymous_74)
FNDA:0,(anonymous_75)
FNDA:0,(anonymous_76)
FNDA:0,(anonymous_77)
FNDA:0,(anonymous_78)
FNDA:0,(anonymous_79)
FNDA:0,(anonymous_80)
FNDA:0,(anonymous_81)
FNDA:0,(anonymous_82)
FNDA:0,(anonymous_83)
FNDA:0,(anonymous_84)
FNDA:0,(anonymous_85)
FNDA:0,(anonymous_86)
FNDA:0,(anonymous_87)
FNDA:0,(anonymous_88)
FNDA:0,(anonymous_89)
FNDA:0,(anonymous_90)
FNDA:0,(anonymous_91)
FNDA:0,(anonymous_92)
FNDA:0,(anonymous_93)
FNDA:0,(anonymous_94)
FNDA:0,(anonymous_95)
FNDA:0,(anonymous_96)
FNDA:0,(anonymous_97)
FNDA:0,(anonymous_98)
FNDA:0,(anonymous_99)
FNDA:0,(anonymous_100)
FNDA:0,(anonymous_101)
FNDA:0,(anonymous_102)
FNDA:0,(anonymous_103)
FNDA:0,(anonymous_104)
FNDA:0,(anonymous_105)
FNDA:0,(anonymous_106)
FNDA:0,(anonymous_107)
FNDA:0,(anonymous_108)
FNDA:0,(anonymous_109)
FNDA:0,(anonymous_110)
FNDA:0,(anonymous_111)
FNDA:0,(anonymous_112)
FNDA:0,(anonymous_113)
FNDA:0,(anonymous_114)
FNDA:0,(anonymous_115)
FNDA:0,(anonymous_116)
FNDA:0,(anonymous_117)
FNDA:0,(anonymous_118)
FNDA:0,(anonymous_119)
FNDA:0,(anonymous_120)
FNDA:0,(anonymous_121)
FNDA:0,(anonymous_122)
FNDA:0,(anonymous_123)
FNDA:0,(anonymous_124)
FNDA:0,(anonymous_125)
FNDA:0,(anonymous_126)
FNDA:0,(anonymous_127)
FNDA:0,(anonymous_128)
FNDA:0,(anonymous_129)
FNDA:0,(anonymous_130)
FNDA:0,(anonymous_131)
FNDA:0,(anonymous_132)
FNDA:0,(anonymous_133)
FNDA:0,(anonymous_134)
FNDA:0,(anonymous_135)
FNDA:0,(anonymous_136)
FNDA:0,(anonymous_137)
FNDA:0,(anonymous_138)
FNDA:0,(anonymous_139)
FNDA:0,(anonymous_140)
FNDA:0,(anonymous_141)
FNDA:0,(anonymous_142)
FNDA:0,(anonymous_143)
FNDA:0,(anonymous_144)
FNDA:0,(anonymous_145)
DA:37,0
DA:47,0
DA:58,0
DA:77,0
DA:81,0
DA:82,0
DA:83,0
DA:103,0
DA:105,0
DA:110,0
DA:115,0
DA:125,0
DA:128,0
DA:129,0
DA:131,0
DA:137,0
DA:139,0
DA:140,0
DA:142,0
DA:143,0
DA:145,0
DA:146,0
DA:148,0
DA:149,0
DA:151,0
DA:153,0
DA:158,0
DA:168,0
DA:170,0
DA:171,0
DA:175,0
DA:176,0
DA:181,0
DA:183,0
DA:184,0
DA:190,0
DA:193,0
DA:198,0
DA:199,0
DA:202,0
DA:205,0
DA:216,0
DA:217,0
DA:219,0
DA:231,0
DA:232,0
DA:233,0
DA:238,0
DA:239,0
DA:244,0
DA:245,0
DA:248,0
DA:263,0
DA:264,0
DA:266,0
DA:267,0
DA:268,0
DA:269,0
DA:271,0
DA:278,0
DA:291,0
DA:292,0
DA:294,0
DA:296,0
DA:307,0
DA:308,0
DA:310,0
DA:312,0
DA:323,0
DA:343,0
DA:357,0
DA:362,0
DA:367,0
DA:368,0
DA:376,0
DA:385,0
DA:387,0
DA:388,0
DA:391,0
DA:401,0
DA:406,0
DA:411,0
DA:416,0
DA:417,0
DA:418,0
DA:420,0
DA:421,0
DA:423,0
DA:424,0
DA:425,0
DA:427,0
DA:434,0
DA:435,0
DA:436,0
DA:441,0
DA:448,0
DA:454,0
DA:455,0
DA:457,0
DA:460,0
DA:469,0
DA:470,0
DA:475,0
DA:476,0
DA:479,0
DA:481,0
DA:483,0
DA:488,0
DA:489,0
DA:491,0
DA:492,0
DA:503,0
DA:505,0
DA:506,0
DA:509,0
DA:520,0
DA:522,0
DA:531,0
DA:533,0
DA:534,0
DA:547,0
DA:548,0
DA:554,0
DA:556,0
DA:557,0
DA:558,0
DA:582,0
DA:583,0
DA:589,0
DA:601,0
DA:602,0
DA:604,0
DA:606,0
DA:612,0
DA:613,0
DA:618,0
DA:623,0
DA:628,0
DA:633,0
DA:638,0
DA:643,0
DA:649,0
DA:654,0
DA:663,0
DA:678,0
DA:696,0
DA:703,0
DA:708,0
DA:720,0
DA:725,0
DA:727,0
DA:728,0
DA:729,0
DA:734,0
DA:735,0
DA:738,0
DA:740,0
DA:745,0
DA:746,0
DA:753,0
DA:754,0
DA:756,0
DA:757,0
DA:760,0
DA:773,0
DA:778,0
DA:783,0
DA:797,0
DA:807,0
DA:818,0
DA:837,0
DA:841,0
DA:842,0
DA:843,0
DA:863,0
DA:865,0
DA:870,0
DA:875,0
DA:885,0
DA:888,0
DA:889,0
DA:891,0
DA:897,0
DA:899,0
DA:900,0
DA:902,0
DA:903,0
DA:905,0
DA:906,0
DA:908,0
DA:909,0
DA:911,0
DA:913,0
DA:918,0
DA:928,0
DA:930,0
DA:931,0
DA:935,0
DA:936,0
DA:941,0
DA:943,0
DA:944,0
DA:950,0
DA:953,0
DA:958,0
DA:959,0
DA:962,0
DA:965,0
DA:976,0
DA:977,0
DA:979,0
DA:991,0
DA:992,0
DA:993,0
DA:998,0
DA:999,0
DA:1004,0
DA:1005,0
DA:1008,0
DA:1023,0
DA:1024,0
DA:1026,0
DA:1027,0
DA:1028,0
DA:1029,0
DA:1031,0
DA:1038,0
DA:1051,0
DA:1052,0
DA:1054,0
DA:1056,0
DA:1067,0
DA:1068,0
DA:1070,0
DA:1072,0
DA:1082,0
DA:1102,0
DA:1116,0
DA:1121,0
DA:1126,0
DA:1127,0
DA:1135,0
DA:1144,0
DA:1146,0
DA:1147,0
DA:1150,0
DA:1160,0
DA:1165,0
DA:1170,0
DA:1175,0
DA:1176,0
DA:1177,0
DA:1179,0
DA:1180,0
DA:1182,0
DA:1183,0
DA:1184,0
DA:1186,0
DA:1193,0
DA:1194,0
DA:1195,0
DA:1200,0
DA:1207,0
DA:1213,0
DA:1214,0
DA:1216,0
DA:1219,0
DA:1228,0
DA:1229,0
DA:1234,0
DA:1235,0
DA:1238,0
DA:1240,0
DA:1242,0
DA:1247,0
DA:1248,0
DA:1250,0
DA:1251,0
DA:1262,0
DA:1264,0
DA:1265,0
DA:1268,0
DA:1279,0
DA:1281,0
DA:1290,0
DA:1292,0
DA:1293,0
DA:1306,0
DA:1307,0
DA:1313,0
DA:1315,0
DA:1316,0
DA:1317,0
DA:1341,0
DA:1342,0
DA:1348,0
DA:1360,0
DA:1361,0
DA:1363,0
DA:1365,0
DA:1371,0
DA:1372,0
DA:1377,0
DA:1382,0
DA:1387,0
DA:1392,0
DA:1397,0
DA:1402,0
DA:1408,0
DA:1413,0
DA:1422,0
DA:1437,0
DA:1455,0
DA:1462,0
DA:1467,0
DA:1479,0
DA:1484,0
DA:1486,0
DA:1487,0
DA:1488,0
DA:1493,0
DA:1494,0
DA:1497,0
DA:1499,0
DA:1504,0
DA:1505,0
DA:1512,0
DA:1513,0
DA:1515,0
DA:1516,0
DA:1519,0
DA:1532,0
DA:1537,0
DA:1542,0
DA:1556,0
DA:1566,0
DA:1577,0
DA:1596,0
DA:1600,0
DA:1601,0
DA:1602,0
DA:1622,0
DA:1624,0
DA:1629,0
DA:1634,0
DA:1644,0
DA:1647,0
DA:1648,0
DA:1650,0
DA:1656,0
DA:1658,0
DA:1659,0
DA:1661,0
DA:1662,0
DA:1664,0
DA:1665,0
DA:1667,0
DA:1668,0
DA:1670,0
DA:1672,0
DA:1677,0
DA:1687,0
DA:1689,0
DA:1690,0
DA:1694,0
DA:1695,0
DA:1700,0
DA:1702,0
DA:1703,0
DA:1709,0
DA:1712,0
DA:1717,0
DA:1718,0
DA:1721,0
DA:1724,0
DA:1735,0
DA:1736,0
DA:1738,0
DA:1750,0
DA:1751,0
DA:1752,0
DA:1757,0
DA:1758,0
DA:1763,0
DA:1764,0
DA:1767,0
DA:1782,0
DA:1783,0
DA:1785,0
DA:1786,0
DA:1787,0
DA:1788,0
DA:1790,0
DA:1797,0
DA:1810,0
DA:1811,0
DA:1813,0
DA:1815,0
DA:1826,0
DA:1827,0
DA:1829,0
DA:1831,0
DA:1842,0
DA:1862,0
DA:1876,0
DA:1881,0
DA:1886,0
DA:1887,0
DA:1895,0
DA:1904,0
DA:1906,0
DA:1907,0
DA:1910,0
DA:1920,0
DA:1925,0
DA:1930,0
DA:1935,0
DA:1936,0
DA:1937,0
DA:1939,0
DA:1940,0
DA:1942,0
DA:1943,0
DA:1944,0
DA:1946,0
DA:1953,0
DA:1954,0
DA:1955,0
DA:1960,0
DA:1967,0
DA:1973,0
DA:1974,0
DA:1976,0
DA:1979,0
DA:1988,0
DA:1989,0
DA:1994,0
DA:1995,0
DA:1998,0
DA:2000,0
DA:2002,0
DA:2007,0
DA:2008,0
DA:2010,0
DA:2011,0
DA:2022,0
DA:2024,0
DA:2025,0
DA:2028,0
DA:2039,0
DA:2041,0
DA:2050,0
DA:2052,0
DA:2053,0
DA:2066,0
DA:2067,0
DA:2073,0
DA:2075,0
DA:2076,0
DA:2077,0
DA:2101,0
DA:2102,0
DA:2108,0
DA:2120,0
DA:2121,0
DA:2123,0
DA:2125,0
DA:2131,0
DA:2132,0
DA:2137,0
DA:2142,0
DA:2147,0
DA:2152,0
DA:2157,0
DA:2162,0
DA:2168,0
DA:2173,0
DA:2182,0
DA:2197,0
DA:2215,0
DA:2222,0
DA:2227,0
DA:2239,0
DA:2244,0
DA:2246,0
DA:2247,0
DA:2248,0
DA:2253,0
DA:2254,0
DA:2257,0
DA:2259,0
DA:2264,0
DA:2265,0
DA:2272,0
DA:2273,0
DA:2275,0
DA:2276,0
DA:2279,0
DA:2292,0
DA:2297,0
DA:2302,0
DA:2312,0
DA:2316,0
DA:2320,0
DA:2322,0
DA:2327,0
DA:2328,0
DA:2329,0
DA:2331,0
DA:2332,0
DA:2336,0
DA:2337,0
DA:2338,0
DA:2339,0
DA:2341,0
DA:2345,0
DA:2346,0
DA:2347,0
DA:2350,0
DA:2354,0
DA:2355,0
DA:2357,0
DA:2358,0
DA:2359,0
DA:2361,0
DA:2365,0
DA:2366,0
DA:2368,0
DA:2370,0
DA:2375,0
DA:2377,0
DA:2391,0
DA:2401,0
DA:2412,0
DA:2431,0
DA:2435,0
DA:2436,0
DA:2437,0
DA:2457,0
DA:2459,0
DA:2464,0
DA:2469,0
DA:2479,0
DA:2482,0
DA:2483,0
DA:2485,0
DA:2491,0
DA:2493,0
DA:2494,0
DA:2496,0
DA:2497,0
DA:2499,0
DA:2500,0
DA:2502,0
DA:2503,0
DA:2505,0
DA:2507,0
DA:2512,0
DA:2522,0
DA:2524,0
DA:2525,0
DA:2529,0
DA:2530,0
DA:2535,0
DA:2537,0
DA:2538,0
DA:2544,0
DA:2547,0
DA:2552,0
DA:2553,0
DA:2556,0
DA:2559,0
DA:2570,0
DA:2571,0
DA:2573,0
DA:2585,0
DA:2586,0
DA:2587,0
DA:2592,0
DA:2593,0
DA:2598,0
DA:2599,0
DA:2602,0
DA:2617,0
DA:2618,0
DA:2620,0
DA:2621,0
DA:2622,0
DA:2623,0
DA:2625,0
DA:2632,0
DA:2645,0
DA:2646,0
DA:2648,0
DA:2650,0
DA:2661,0
DA:2662,0
DA:2664,0
DA:2666,0
DA:2676,0
DA:2696,0
DA:2710,0
DA:2715,0
DA:2720,0
DA:2721,0
DA:2729,0
DA:2738,0
DA:2740,0
DA:2741,0
DA:2744,0
DA:2754,0
DA:2759,0
DA:2764,0
DA:2769,0
DA:2770,0
DA:2771,0
DA:2773,0
DA:2774,0
DA:2776,0
DA:2777,0
DA:2778,0
DA:2780,0
DA:2787,0
DA:2788,0
DA:2789,0
DA:2794,0
DA:2801,0
DA:2807,0
DA:2808,0
DA:2810,0
DA:2813,0
DA:2822,0
DA:2823,0
DA:2828,0
DA:2829,0
DA:2832,0
DA:2834,0
DA:2836,0
DA:2841,0
DA:2842,0
DA:2844,0
DA:2845,0
DA:2856,0
DA:2858,0
DA:2859,0
DA:2862,0
DA:2873,0
DA:2875,0
DA:2884,0
DA:2886,0
DA:2887,0
DA:2900,0
DA:2901,0
DA:2907,0
DA:2909,0
DA:2910,0
DA:2911,0
DA:2935,0
DA:2936,0
DA:2942,0
DA:2954,0
DA:2955,0
DA:2957,0
DA:2959,0
DA:2965,0
DA:2966,0
DA:2971,0
DA:2976,0
DA:2981,0
DA:2986,0
DA:2991,0
DA:2996,0
DA:3002,0
DA:3007,0
DA:3016,0
DA:3031,0
DA:3049,0
DA:3056,0
DA:3061,0
DA:3073,0
DA:3078,0
DA:3080,0
DA:3081,0
DA:3082,0
DA:3087,0
DA:3088,0
DA:3091,0
DA:3093,0
DA:3098,0
DA:3099,0
DA:3106,0
DA:3107,0
DA:3109,0
DA:3110,0
DA:3113,0
DA:3126,0
DA:3131,0
DA:3136,0
DA:3140,0
DA:3141,0
DA:3142,0
DA:3145,0
DA:3176,0
DA:3178,0
DA:3179,0
DA:3180,0
DA:3181,0
DA:3183,0
DA:3185,0
DA:3186,0
DA:3187,0
DA:3188,0
DA:3189,0
DA:3191,0
DA:3193,0
DA:3197,0
LF:716
LH:0
BRDA:110,0,0,0
BRDA:110,0,1,0
BRDA:110,1,0,0
BRDA:110,1,1,0
BRDA:128,2,0,0
BRDA:128,2,1,0
BRDA:137,3,0,0
BRDA:137,3,1,0
BRDA:140,4,0,0
BRDA:140,4,1,0
BRDA:140,4,2,0
BRDA:148,5,0,0
BRDA:148,5,1,0
BRDA:198,6,0,0
BRDA:198,6,1,0
BRDA:230,7,0,0
BRDA:244,8,0,0
BRDA:244,8,1,0
BRDA:244,9,0,0
BRDA:244,9,1,0
BRDA:269,10,0,0
BRDA:269,10,1,0
BRDA:306,11,0,0
BRDA:306,12,0,0
BRDA:343,13,0,0
BRDA:343,13,1,0
BRDA:387,14,0,0
BRDA:387,14,1,0
BRDA:420,15,0,0
BRDA:420,15,1,0
BRDA:420,16,0,0
BRDA:420,16,1,0
BRDA:420,16,2,0
BRDA:424,17,0,0
BRDA:424,17,1,0
BRDA:424,18,0,0
BRDA:424,18,1,0
BRDA:448,19,0,0
BRDA:448,19,1,0
BRDA:454,20,0,0
BRDA:454,20,1,0
BRDA:475,21,0,0
BRDA:475,21,1,0
BRDA:491,22,0,0
BRDA:491,22,1,0
BRDA:505,23,0,0
BRDA:505,23,1,0
BRDA:519,24,0,0
BRDA:547,25,0,0
BRDA:547,25,1,0
BRDA:582,26,0,0
BRDA:582,26,1,0
BRDA:582,27,0,0
BRDA:582,27,1,0
BRDA:601,28,0,0
BRDA:601,28,1,0
BRDA:604,29,0,0
BRDA:604,29,1,0
BRDA:663,30,0,0
BRDA:663,30,1,0
BRDA:734,31,0,0
BRDA:734,31,1,0
BRDA:745,32,0,0
BRDA:745,32,1,0
BRDA:870,33,0,0
BRDA:870,33,1,0
BRDA:870,34,0,0
BRDA:870,34,1,0
BRDA:888,35,0,0
BRDA:888,35,1,0
BRDA:897,36,0,0
BRDA:897,36,1,0
BRDA:900,37,0,0
BRDA:900,37,1,0
BRDA:900,37,2,0
BRDA:908,38,0,0
BRDA:908,38,1,0
BRDA:958,39,0,0
BRDA:958,39,1,0
BRDA:990,40,0,0
BRDA:1004,41,0,0
BRDA:1004,41,1,0
BRDA:1004,42,0,0
BRDA:1004,42,1,0
BRDA:1029,43,0,0
BRDA:1029,43,1,0
BRDA:1066,44,0,0
BRDA:1066,45,0,0
BRDA:1102,46,0,0
BRDA:1102,46,1,0
BRDA:1146,47,0,0
BRDA:1146,47,1,0
BRDA:1179,48,0,0
BRDA:1179,48,1,0
BRDA:1179,49,0,0
BRDA:1179,49,1,0
BRDA:1179,49,2,0
BRDA:1183,50,0,0
BRDA:1183,50,1,0
BRDA:1183,51,0,0
BRDA:1183,51,1,0
BRDA:1207,52,0,0
BRDA:1207,52,1,0
BRDA:1213,53,0,0
BRDA:1213,53,1,0
BRDA:1234,54,0,0
BRDA:1234,54,1,0
BRDA:1250,55,0,0
BRDA:1250,55,1,0
BRDA:1264,56,0,0
BRDA:1264,56,1,0
BRDA:1278,57,0,0
BRDA:1306,58,0,0
BRDA:1306,58,1,0
BRDA:1341,59,0,0
BRDA:1341,59,1,0
BRDA:1341,60,0,0
BRDA:1341,60,1,0
BRDA:1360,61,0,0
BRDA:1360,61,1,0
BRDA:1363,62,0,0
BRDA:1363,62,1,0
BRDA:1422,63,0,0
BRDA:1422,63,1,0
BRDA:1493,64,0,0
BRDA:1493,64,1,0
BRDA:1504,65,0,0
BRDA:1504,65,1,0
BRDA:1629,66,0,0
BRDA:1629,66,1,0
BRDA:1629,67,0,0
BRDA:1629,67,1,0
BRDA:1647,68,0,0
BRDA:1647,68,1,0
BRDA:1656,69,0,0
BRDA:1656,69,1,0
BRDA:1659,70,0,0
BRDA:1659,70,1,0
BRDA:1659,70,2,0
BRDA:1667,71,0,0
BRDA:1667,71,1,0
BRDA:1717,72,0,0
BRDA:1717,72,1,0
BRDA:1749,73,0,0
BRDA:1763,74,0,0
BRDA:1763,74,1,0
BRDA:1763,75,0,0
BRDA:1763,75,1,0
BRDA:1788,76,0,0
BRDA:1788,76,1,0
BRDA:1825,77,0,0
BRDA:1825,78,0,0
BRDA:1862,79,0,0
BRDA:1862,79,1,0
BRDA:1906,80,0,0
BRDA:1906,80,1,0
BRDA:1939,81,0,0
BRDA:1939,81,1,0
BRDA:1939,82,0,0
BRDA:1939,82,1,0
BRDA:1939,82,2,0
BRDA:1943,83,0,0
BRDA:1943,83,1,0
BRDA:1943,84,0,0
BRDA:1943,84,1,0
BRDA:1967,85,0,0
BRDA:1967,85,1,0
BRDA:1973,86,0,0
BRDA:1973,86,1,0
BRDA:1994,87,0,0
BRDA:1994,87,1,0
BRDA:2010,88,0,0
BRDA:2010,88,1,0
BRDA:2024,89,0,0
BRDA:2024,89,1,0
BRDA:2038,90,0,0
BRDA:2066,91,0,0
BRDA:2066,91,1,0
BRDA:2101,92,0,0
BRDA:2101,92,1,0
BRDA:2101,93,0,0
BRDA:2101,93,1,0
BRDA:2120,94,0,0
BRDA:2120,94,1,0
BRDA:2123,95,0,0
BRDA:2123,95,1,0
BRDA:2182,96,0,0
BRDA:2182,96,1,0
BRDA:2253,97,0,0
BRDA:2253,97,1,0
BRDA:2264,98,0,0
BRDA:2264,98,1,0
BRDA:2345,99,0,0
BRDA:2345,99,1,0
BRDA:2464,100,0,0
BRDA:2464,100,1,0
BRDA:2464,101,0,0
BRDA:2464,101,1,0
BRDA:2482,102,0,0
BRDA:2482,102,1,0
BRDA:2491,103,0,0
BRDA:2491,103,1,0
BRDA:2494,104,0,0
BRDA:2494,104,1,0
BRDA:2494,104,2,0
BRDA:2502,105,0,0
BRDA:2502,105,1,0
BRDA:2552,106,0,0
BRDA:2552,106,1,0
BRDA:2584,107,0,0
BRDA:2598,108,0,0
BRDA:2598,108,1,0
BRDA:2598,109,0,0
BRDA:2598,109,1,0
BRDA:2623,110,0,0
BRDA:2623,110,1,0
BRDA:2660,111,0,0
BRDA:2660,112,0,0
BRDA:2696,113,0,0
BRDA:2696,113,1,0
BRDA:2740,114,0,0
BRDA:2740,114,1,0
BRDA:2773,115,0,0
BRDA:2773,115,1,0
BRDA:2773,116,0,0
BRDA:2773,116,1,0
BRDA:2773,116,2,0
BRDA:2777,117,0,0
BRDA:2777,117,1,0
BRDA:2777,118,0,0
BRDA:2777,118,1,0
BRDA:2801,119,0,0
BRDA:2801,119,1,0
BRDA:2807,120,0,0
BRDA:2807,120,1,0
BRDA:2828,121,0,0
BRDA:2828,121,1,0
BRDA:2844,122,0,0
BRDA:2844,122,1,0
BRDA:2858,123,0,0
BRDA:2858,123,1,0
BRDA:2872,124,0,0
BRDA:2900,125,0,0
BRDA:2900,125,1,0
BRDA:2935,126,0,0
BRDA:2935,126,1,0
BRDA:2935,127,0,0
BRDA:2935,127,1,0
BRDA:2954,128,0,0
BRDA:2954,128,1,0
BRDA:2957,129,0,0
BRDA:2957,129,1,0
BRDA:3016,130,0,0
BRDA:3016,130,1,0
BRDA:3087,131,0,0
BRDA:3087,131,1,0
BRDA:3098,132,0,0
BRDA:3098,132,1,0
BRF:258
BRH:0
end_of_record
TN:
SF:routes\auth.js
FN:33,(anonymous_0)
FN:45,(anonymous_1)
FNF:2
FNH:0
FNDA:0,(anonymous_0)
FNDA:0,(anonymous_1)
DA:10,0
DA:12,0
DA:13,0
DA:23,0
DA:32,0
DA:34,0
DA:45,0
DA:46,0
DA:47,0
DA:50,0
LF:10
LH:0
BRF:0
BRH:0
end_of_record
TN:
SF:routes\calendar.js
FN:20,(anonymous_0)
FNF:1
FNH:0
FNDA:0,(anonymous_0)
DA:6,0
DA:8,0
DA:10,0
DA:20,0
DA:21,0
DA:22,0
DA:26,0
DA:35,0
LF:8
LH:0
BRF:0
BRH:0
end_of_record
TN:
SF:routes\index.js
FN:18,(anonymous_0)
FNF:1
FNH:0
FNDA:0,(anonymous_0)
DA:5,0
DA:6,0
DA:8,0
DA:18,0
DA:19,0
DA:26,0
LF:6
LH:0
BRF:0
BRH:0
end_of_record
TN:
SF:routes\main.js
FN:27,(anonymous_0)
FN:51,(anonymous_1)
FN:74,(anonymous_2)
FN:103,(anonymous_3)
FN:144,(anonymous_4)
FN:178,(anonymous_5)
FN:202,(anonymous_6)
FN:235,(anonymous_7)
FN:267,(anonymous_8)
FN:302,(anonymous_9)
FN:342,(anonymous_10)
FN:372,(anonymous_11)
FN:425,(anonymous_12)
FN:454,(anonymous_13)
FN:491,(anonymous_14)
FN:542,(anonymous_15)
FN:569,(anonymous_16)
FN:611,(anonymous_17)
FN:659,(anonymous_18)
FN:683,(anonymous_19)
FN:708,(anonymous_20)
FN:725,(anonymous_21)
FN:738,(anonymous_22)
FNF:23
FNH:0
FNDA:0,(anonymous_0)
FNDA:0,(anonymous_1)
FNDA:0,(anonymous_2)
FNDA:0,(anonymous_3)
FNDA:0,(anonymous_4)
FNDA:0,(anonymous_5)
FNDA:0,(anonymous_6)
FNDA:0,(anonymous_7)
FNDA:0,(anonymous_8)
FNDA:0,(anonymous_9)
FNDA:0,(anonymous_10)
FNDA:0,(anonymous_11)
FNDA:0,(anonymous_12)
FNDA:0,(anonymous_13)
FNDA:0,(anonymous_14)
FNDA:0,(anonymous_15)
FNDA:0,(anonymous_16)
FNDA:0,(anonymous_17)
FNDA:0,(anonymous_18)
FNDA:0,(anonymous_19)
FNDA:0,(anonymous_20)
FNDA:0,(anonymous_21)
FNDA:0,(anonymous_22)
DA:5,0
DA:7,0
DA:8,0
DA:9,0
DA:10,0
DA:12,0
DA:14,0
DA:16,0
DA:27,0
DA:28,0
DA:30,0
DA:31,0
DA:35,0
DA:37,0
DA:51,0
DA:52,0
DA:54,0
DA:55,0
DA:58,0
DA:60,0
DA:74,0
DA:75,0
DA:77,0
DA:78,0
DA:81,0
DA:82,0
DA:87,0
DA:89,0
DA:103,0
DA:104,0
DA:106,0
DA:107,0
DA:108,0
DA:111,0
DA:113,0
DA:114,0
DA:124,0
DA:128,0
DA:130,0
DA:144,0
DA:145,0
DA:147,0
DA:148,0
DA:151,0
DA:152,0
DA:156,0
DA:157,0
DA:162,0
DA:164,0
DA:178,0
DA:179,0
DA:181,0
DA:182,0
DA:187,0
DA:189,0
DA:202,0
DA:203,0
DA:205,0
DA:206,0
DA:209,0
DA:210,0
DA:211,0
DA:225,0
DA:226,0
DA:228,0
DA:235,0
DA:236,0
DA:238,0
DA:239,0
DA:252,0
DA:254,0
DA:267,0
DA:268,0
DA:269,0
DA:272,0
DA:275,0
DA:287,0
DA:289,0
DA:302,0
DA:303,0
DA:304,0
DA:307,0
DA:308,0
DA:311,0
DA:312,0
DA:313,0
DA:324,0
DA:328,0
DA:330,0
DA:342,0
DA:343,0
DA:345,0
DA:353,0
DA:354,0
DA:359,0
DA:372,0
DA:373,0
DA:375,0
DA:377,0
DA:379,0
DA:382,0
DA:390,0
DA:392,0
DA:396,0
DA:397,0
DA:399,0
DA:400,0
DA:403,0
DA:406,0
DA:409,0
DA:412,0
DA:425,0
DA:426,0
DA:427,0
DA:429,0
DA:432,0
DA:444,0
DA:445,0
DA:446,0
DA:448,0
DA:454,0
DA:455,0
DA:456,0
DA:457,0
DA:459,0
DA:462,0
DA:474,0
DA:475,0
DA:476,0
DA:478,0
DA:491,0
DA:492,0
DA:494,0
DA:496,0
DA:498,0
DA:500,0
DA:507,0
DA:509,0
DA:510,0
DA:512,0
DA:513,0
DA:514,0
DA:518,0
DA:522,0
DA:524,0
DA:526,0
DA:529,0
DA:542,0
DA:543,0
DA:544,0
DA:546,0
DA:547,0
DA:548,0
DA:549,0
DA:550,0
DA:551,0
DA:553,0
DA:556,0
DA:569,0
DA:570,0
DA:574,0
DA:576,0
DA:578,0
DA:581,0
DA:583,0
DA:587,0
DA:590,0
DA:595,0
DA:598,0
DA:611,0
DA:612,0
DA:614,0
DA:616,0
DA:618,0
DA:620,0
DA:621,0
DA:624,0
DA:626,0
DA:627,0
DA:628,0
DA:631,0
DA:635,0
DA:637,0
DA:643,0
DA:646,0
DA:659,0
DA:660,0
DA:661,0
DA:663,0
DA:664,0
DA:665,0
DA:667,0
DA:670,0
DA:683,0
DA:684,0
DA:685,0
DA:686,0
DA:688,0
DA:689,0
DA:690,0
DA:692,0
DA:695,0
DA:708,0
DA:710,0
DA:711,0
DA:713,0
DA:725,0
DA:727,0
DA:728,0
DA:731,0
DA:732,0
DA:734,0
DA:738,0
DA:740,0
DA:741,0
DA:744,0
DA:745,0
DA:748,0
DA:750,0
DA:753,0
DA:754,0
DA:755,0
DA:756,0
DA:761,0
LF:224
LH:0
BRDA:390,0,0,0
BRDA:390,0,1,0
BRDA:496,1,0,0
BRDA:496,1,1,0
BRDA:513,2,0,0
BRDA:513,2,1,0
BRDA:546,3,0,0
BRDA:546,3,1,0
BRDA:576,4,0,0
BRDA:576,4,1,0
BRDA:616,5,0,0
BRDA:616,5,1,0
BRDA:626,6,0,0
BRDA:626,6,1,0
BRDA:663,7,0,0
BRDA:663,7,1,0
BRDA:688,8,0,0
BRDA:688,8,1,0
BRDA:748,9,0,0
BRDA:748,9,1,0
BRF:20
BRH:0
end_of_record
TN:
SF:routes\settings.js
FN:6,(anonymous_0)
FNF:1
FNH:0
FNDA:0,(anonymous_0)
DA:1,0
DA:2,0
DA:4,0
DA:6,0
DA:7,0
DA:12,0
LF:6
LH:0
BRF:0
BRH:0
end_of_record
